{"C:\\Users\\wadem\\Documents\\4155-TastyOnABudget\\frontend\\TastyFrontend\\src\\App.jsx": {"path":"C:\\Users\\wadem\\Documents\\4155-TastyOnABudget\\frontend\\TastyFrontend\\src\\App.jsx","statementMap":{"0":{"start":{"line":20,"column":2},"end":{"line":44,"column":4}}},"fnMap":{"0":{"name":"App","decl":{"start":{"line":19,"column":9},"end":{"line":19,"column":12}},"loc":{"start":{"line":19,"column":15},"end":{"line":45,"column":1}},"line":19}},"branchMap":{},"s":{"0":0},"f":{"0":0},"b":{}}
,"C:\\Users\\wadem\\Documents\\4155-TastyOnABudget\\frontend\\TastyFrontend\\src\\RestAPI.js": {"path":"C:\\Users\\wadem\\Documents\\4155-TastyOnABudget\\frontend\\TastyFrontend\\src\\RestAPI.js","statementMap":{"0":{"start":{"line":4,"column":17},"end":{"line":4,"column":45}},"1":{"start":{"line":10,"column":25},"end":{"line":10,"column":27}},"2":{"start":{"line":11,"column":27},"end":{"line":11,"column":48}},"3":{"start":{"line":12,"column":8},"end":{"line":12,"column":38}},"4":{"start":{"line":15,"column":25},"end":{"line":15,"column":37}},"5":{"start":{"line":16,"column":27},"end":{"line":16,"column":48}},"6":{"start":{"line":17,"column":21},"end":{"line":17,"column":76}},"7":{"start":{"line":18,"column":27},"end":{"line":22,"column":9}},"8":{"start":{"line":24,"column":8},"end":{"line":24,"column":57}},"9":{"start":{"line":27,"column":25},"end":{"line":27,"column":34}},"10":{"start":{"line":28,"column":27},"end":{"line":28,"column":48}},"11":{"start":{"line":29,"column":21},"end":{"line":29,"column":108}},"12":{"start":{"line":30,"column":8},"end":{"line":34,"column":10}},"13":{"start":{"line":38,"column":25},"end":{"line":38,"column":34}},"14":{"start":{"line":39,"column":27},"end":{"line":39,"column":48}},"15":{"start":{"line":40,"column":8},"end":{"line":44,"column":10}},"16":{"start":{"line":47,"column":25},"end":{"line":47,"column":52}},"17":{"start":{"line":48,"column":27},"end":{"line":48,"column":48}},"18":{"start":{"line":49,"column":8},"end":{"line":53,"column":10}},"19":{"start":{"line":57,"column":25},"end":{"line":57,"column":59}},"20":{"start":{"line":58,"column":27},"end":{"line":58,"column":48}},"21":{"start":{"line":59,"column":8},"end":{"line":63,"column":10}},"22":{"start":{"line":67,"column":25},"end":{"line":67,"column":38}},"23":{"start":{"line":68,"column":27},"end":{"line":68,"column":48}},"24":{"start":{"line":69,"column":8},"end":{"line":73,"column":10}},"25":{"start":{"line":77,"column":25},"end":{"line":77,"column":58}},"26":{"start":{"line":78,"column":27},"end":{"line":78,"column":48}},"27":{"start":{"line":79,"column":8},"end":{"line":83,"column":10}},"28":{"start":{"line":87,"column":25},"end":{"line":87,"column":56}},"29":{"start":{"line":88,"column":27},"end":{"line":88,"column":48}},"30":{"start":{"line":89,"column":8},"end":{"line":93,"column":10}},"31":{"start":{"line":97,"column":25},"end":{"line":97,"column":48}},"32":{"start":{"line":98,"column":27},"end":{"line":98,"column":48}},"33":{"start":{"line":99,"column":8},"end":{"line":103,"column":10}},"34":{"start":{"line":107,"column":25},"end":{"line":107,"column":41}},"35":{"start":{"line":108,"column":27},"end":{"line":108,"column":48}},"36":{"start":{"line":109,"column":21},"end":{"line":109,"column":47}},"37":{"start":{"line":111,"column":8},"end":{"line":115,"column":10}},"38":{"start":{"line":119,"column":25},"end":{"line":119,"column":39}},"39":{"start":{"line":120,"column":27},"end":{"line":120,"column":48}},"40":{"start":{"line":121,"column":21},"end":{"line":121,"column":73}},"41":{"start":{"line":122,"column":8},"end":{"line":126,"column":10}},"42":{"start":{"line":130,"column":25},"end":{"line":130,"column":42}},"43":{"start":{"line":131,"column":27},"end":{"line":131,"column":48}},"44":{"start":{"line":132,"column":21},"end":{"line":132,"column":73}},"45":{"start":{"line":134,"column":8},"end":{"line":138,"column":10}},"46":{"start":{"line":141,"column":25},"end":{"line":141,"column":33}},"47":{"start":{"line":142,"column":27},"end":{"line":142,"column":48}},"48":{"start":{"line":143,"column":8},"end":{"line":148,"column":31}},"49":{"start":{"line":148,"column":21},"end":{"line":148,"column":29}}},"fnMap":{"0":{"name":"(anonymous_0)","decl":{"start":{"line":9,"column":4},"end":{"line":9,"column":5}},"loc":{"start":{"line":9,"column":15},"end":{"line":13,"column":5}},"line":9},"1":{"name":"(anonymous_1)","decl":{"start":{"line":14,"column":4},"end":{"line":14,"column":5}},"loc":{"start":{"line":14,"column":32},"end":{"line":25,"column":5}},"line":14},"2":{"name":"(anonymous_2)","decl":{"start":{"line":26,"column":4},"end":{"line":26,"column":5}},"loc":{"start":{"line":26,"column":46},"end":{"line":35,"column":5}},"line":26},"3":{"name":"(anonymous_3)","decl":{"start":{"line":37,"column":4},"end":{"line":37,"column":5}},"loc":{"start":{"line":37,"column":19},"end":{"line":45,"column":5}},"line":37},"4":{"name":"(anonymous_4)","decl":{"start":{"line":46,"column":4},"end":{"line":46,"column":5}},"loc":{"start":{"line":46,"column":31},"end":{"line":54,"column":5}},"line":46},"5":{"name":"(anonymous_5)","decl":{"start":{"line":56,"column":4},"end":{"line":56,"column":5}},"loc":{"start":{"line":56,"column":38},"end":{"line":64,"column":5}},"line":56},"6":{"name":"(anonymous_6)","decl":{"start":{"line":66,"column":4},"end":{"line":66,"column":5}},"loc":{"start":{"line":66,"column":21},"end":{"line":74,"column":5}},"line":66},"7":{"name":"(anonymous_7)","decl":{"start":{"line":76,"column":4},"end":{"line":76,"column":5}},"loc":{"start":{"line":76,"column":37},"end":{"line":84,"column":5}},"line":76},"8":{"name":"(anonymous_8)","decl":{"start":{"line":86,"column":4},"end":{"line":86,"column":5}},"loc":{"start":{"line":86,"column":31},"end":{"line":94,"column":5}},"line":86},"9":{"name":"(anonymous_9)","decl":{"start":{"line":96,"column":4},"end":{"line":96,"column":5}},"loc":{"start":{"line":96,"column":27},"end":{"line":104,"column":5}},"line":96},"10":{"name":"(anonymous_10)","decl":{"start":{"line":106,"column":4},"end":{"line":106,"column":5}},"loc":{"start":{"line":106,"column":27},"end":{"line":116,"column":5}},"line":106},"11":{"name":"(anonymous_11)","decl":{"start":{"line":118,"column":4},"end":{"line":118,"column":5}},"loc":{"start":{"line":118,"column":38},"end":{"line":127,"column":5}},"line":118},"12":{"name":"(anonymous_12)","decl":{"start":{"line":129,"column":4},"end":{"line":129,"column":5}},"loc":{"start":{"line":129,"column":41},"end":{"line":139,"column":5}},"line":129},"13":{"name":"(anonymous_13)","decl":{"start":{"line":140,"column":4},"end":{"line":140,"column":5}},"loc":{"start":{"line":140,"column":17},"end":{"line":149,"column":5}},"line":140},"14":{"name":"(anonymous_14)","decl":{"start":{"line":148,"column":14},"end":{"line":148,"column":15}},"loc":{"start":{"line":148,"column":21},"end":{"line":148,"column":29}},"line":148}},"branchMap":{},"s":{"0":0,"1":0,"2":0,"3":0,"4":0,"5":0,"6":0,"7":0,"8":0,"9":0,"10":0,"11":0,"12":0,"13":0,"14":0,"15":0,"16":0,"17":0,"18":0,"19":0,"20":0,"21":0,"22":0,"23":0,"24":0,"25":0,"26":0,"27":0,"28":0,"29":0,"30":0,"31":0,"32":0,"33":0,"34":0,"35":0,"36":0,"37":0,"38":0,"39":0,"40":0,"41":0,"42":0,"43":0,"44":0,"45":0,"46":0,"47":0,"48":0,"49":0},"f":{"0":0,"1":0,"2":0,"3":0,"4":0,"5":0,"6":0,"7":0,"8":0,"9":0,"10":0,"11":0,"12":0,"13":0,"14":0},"b":{}}
,"C:\\Users\\wadem\\Documents\\4155-TastyOnABudget\\frontend\\TastyFrontend\\src\\index.js": {"path":"C:\\Users\\wadem\\Documents\\4155-TastyOnABudget\\frontend\\TastyFrontend\\src\\index.js","statementMap":{"0":{"start":{"line":7,"column":13},"end":{"line":7,"column":65}},"1":{"start":{"line":8,"column":0},"end":{"line":12,"column":2}},"2":{"start":{"line":17,"column":0},"end":{"line":17,"column":18}}},"fnMap":{},"branchMap":{},"s":{"0":0,"1":0,"2":0},"f":{},"b":{}}
,"C:\\Users\\wadem\\Documents\\4155-TastyOnABudget\\frontend\\TastyFrontend\\src\\reportWebVitals.js": {"path":"C:\\Users\\wadem\\Documents\\4155-TastyOnABudget\\frontend\\TastyFrontend\\src\\reportWebVitals.js","statementMap":{"0":{"start":{"line":1,"column":24},"end":{"line":11,"column":1}},"1":{"start":{"line":2,"column":2},"end":{"line":10,"column":3}},"2":{"start":{"line":3,"column":4},"end":{"line":9,"column":7}},"3":{"start":{"line":4,"column":6},"end":{"line":4,"column":26}},"4":{"start":{"line":5,"column":6},"end":{"line":5,"column":26}},"5":{"start":{"line":6,"column":6},"end":{"line":6,"column":26}},"6":{"start":{"line":7,"column":6},"end":{"line":7,"column":26}},"7":{"start":{"line":8,"column":6},"end":{"line":8,"column":27}}},"fnMap":{"0":{"name":"(anonymous_0)","decl":{"start":{"line":1,"column":24},"end":{"line":1,"column":25}},"loc":{"start":{"line":1,"column":39},"end":{"line":11,"column":1}},"line":1},"1":{"name":"(anonymous_1)","decl":{"start":{"line":3,"column":30},"end":{"line":3,"column":31}},"loc":{"start":{"line":3,"column":79},"end":{"line":9,"column":5}},"line":3}},"branchMap":{"0":{"loc":{"start":{"line":2,"column":2},"end":{"line":10,"column":3}},"type":"if","locations":[{"start":{"line":2,"column":2},"end":{"line":10,"column":3}},{"start":{},"end":{}}],"line":2},"1":{"loc":{"start":{"line":2,"column":6},"end":{"line":2,"column":52}},"type":"binary-expr","locations":[{"start":{"line":2,"column":6},"end":{"line":2,"column":17}},{"start":{"line":2,"column":21},"end":{"line":2,"column":52}}],"line":2}},"s":{"0":0,"1":0,"2":0,"3":0,"4":0,"5":0,"6":0,"7":0},"f":{"0":0,"1":0},"b":{"0":[0,0],"1":[0,0]}}
,"C:\\Users\\wadem\\Documents\\4155-TastyOnABudget\\frontend\\TastyFrontend\\src\\components\\Footer.jsx": {"path":"C:\\Users\\wadem\\Documents\\4155-TastyOnABudget\\frontend\\TastyFrontend\\src\\components\\Footer.jsx","statementMap":{"0":{"start":{"line":12,"column":4},"end":{"line":32,"column":5}}},"fnMap":{"0":{"name":"Footer","decl":{"start":{"line":11,"column":9},"end":{"line":11,"column":15}},"loc":{"start":{"line":11,"column":18},"end":{"line":33,"column":1}},"line":11}},"branchMap":{},"s":{"0":0},"f":{"0":0},"b":{}}
,"C:\\Users\\wadem\\Documents\\4155-TastyOnABudget\\frontend\\TastyFrontend\\src\\components\\NavBar.jsx": {"path":"C:\\Users\\wadem\\Documents\\4155-TastyOnABudget\\frontend\\TastyFrontend\\src\\components\\NavBar.jsx","statementMap":{"0":{"start":{"line":11,"column":38},"end":{"line":11,"column":53}},"1":{"start":{"line":12,"column":28},"end":{"line":12,"column":44}},"2":{"start":{"line":14,"column":4},"end":{"line":19,"column":10}},"3":{"start":{"line":15,"column":8},"end":{"line":18,"column":9}},"4":{"start":{"line":16,"column":12},"end":{"line":16,"column":64}},"5":{"start":{"line":21,"column":25},"end":{"line":23,"column":5}},"6":{"start":{"line":22,"column":8},"end":{"line":22,"column":33}},"7":{"start":{"line":24,"column":4},"end":{"line":78,"column":5}},"8":{"start":{"line":25,"column":8},"end":{"line":51,"column":9}},"9":{"start":{"line":43,"column":51},"end":{"line":43,"column":74}},"10":{"start":{"line":43,"column":75},"end":{"line":43,"column":104}},"11":{"start":{"line":53,"column":8},"end":{"line":77,"column":9}}},"fnMap":{"0":{"name":"NavBar","decl":{"start":{"line":9,"column":9},"end":{"line":9,"column":15}},"loc":{"start":{"line":9,"column":18},"end":{"line":79,"column":1}},"line":9},"1":{"name":"(anonymous_1)","decl":{"start":{"line":14,"column":20},"end":{"line":14,"column":21}},"loc":{"start":{"line":14,"column":26},"end":{"line":19,"column":5}},"line":14},"2":{"name":"(anonymous_2)","decl":{"start":{"line":21,"column":25},"end":{"line":21,"column":26}},"loc":{"start":{"line":21,"column":31},"end":{"line":23,"column":5}},"line":21},"3":{"name":"(anonymous_3)","decl":{"start":{"line":43,"column":46},"end":{"line":43,"column":47}},"loc":{"start":{"line":43,"column":50},"end":{"line":43,"column":105}},"line":43}},"branchMap":{"0":{"loc":{"start":{"line":15,"column":8},"end":{"line":18,"column":9}},"type":"if","locations":[{"start":{"line":15,"column":8},"end":{"line":18,"column":9}},{"start":{},"end":{}}],"line":15},"1":{"loc":{"start":{"line":24,"column":4},"end":{"line":78,"column":5}},"type":"if","locations":[{"start":{"line":24,"column":4},"end":{"line":78,"column":5}},{"start":{"line":52,"column":11},"end":{"line":78,"column":5}}],"line":24},"2":{"loc":{"start":{"line":27,"column":46},"end":{"line":27,"column":74}},"type":"cond-expr","locations":[{"start":{"line":27,"column":58},"end":{"line":27,"column":64}},{"start":{"line":27,"column":67},"end":{"line":27,"column":74}}],"line":27},"3":{"loc":{"start":{"line":55,"column":46},"end":{"line":55,"column":74}},"type":"cond-expr","locations":[{"start":{"line":55,"column":58},"end":{"line":55,"column":64}},{"start":{"line":55,"column":67},"end":{"line":55,"column":74}}],"line":55}},"s":{"0":0,"1":0,"2":0,"3":0,"4":0,"5":0,"6":0,"7":0,"8":0,"9":0,"10":0,"11":0},"f":{"0":0,"1":0,"2":0,"3":0},"b":{"0":[0,0],"1":[0,0],"2":[0,0],"3":[0,0]}}
,"C:\\Users\\wadem\\Documents\\4155-TastyOnABudget\\frontend\\TastyFrontend\\src\\components\\RecipeCard.jsx": {"path":"C:\\Users\\wadem\\Documents\\4155-TastyOnABudget\\frontend\\TastyFrontend\\src\\components\\RecipeCard.jsx","statementMap":{"0":{"start":{"line":13,"column":19},"end":{"line":96,"column":1}},"1":{"start":{"line":14,"column":30},"end":{"line":14,"column":51}},"2":{"start":{"line":15,"column":36},"end":{"line":15,"column":57}},"3":{"start":{"line":16,"column":21},"end":{"line":16,"column":34}},"4":{"start":{"line":18,"column":4},"end":{"line":21,"column":10}},"5":{"start":{"line":19,"column":8},"end":{"line":19,"column":86}},"6":{"start":{"line":20,"column":8},"end":{"line":20,"column":95}},"7":{"start":{"line":22,"column":28},"end":{"line":31,"column":5}},"8":{"start":{"line":23,"column":8},"end":{"line":28,"column":9}},"9":{"start":{"line":24,"column":12},"end":{"line":24,"column":55}},"10":{"start":{"line":26,"column":12},"end":{"line":26,"column":39}},"11":{"start":{"line":27,"column":12},"end":{"line":27,"column":19}},"12":{"start":{"line":33,"column":31},"end":{"line":40,"column":5}},"13":{"start":{"line":34,"column":8},"end":{"line":39,"column":9}},"14":{"start":{"line":35,"column":12},"end":{"line":35,"column":51}},"15":{"start":{"line":37,"column":12},"end":{"line":37,"column":39}},"16":{"start":{"line":38,"column":12},"end":{"line":38,"column":19}},"17":{"start":{"line":41,"column":4},"end":{"line":95,"column":5}},"18":{"start":{"line":49,"column":37},"end":{"line":49,"column":69}},"19":{"start":{"line":54,"column":37},"end":{"line":54,"column":69}},"20":{"start":{"line":63,"column":36},"end":{"line":63,"column":53}},"21":{"start":{"line":64,"column":36},"end":{"line":66,"column":37}},"22":{"start":{"line":65,"column":40},"end":{"line":65,"column":63}},"23":{"start":{"line":67,"column":36},"end":{"line":67,"column":62}},"24":{"start":{"line":76,"column":32},"end":{"line":76,"column":55}},"25":{"start":{"line":77,"column":32},"end":{"line":79,"column":33}},"26":{"start":{"line":78,"column":36},"end":{"line":78,"column":53}},"27":{"start":{"line":80,"column":32},"end":{"line":80,"column":61}}},"fnMap":{"0":{"name":"(anonymous_0)","decl":{"start":{"line":13,"column":19},"end":{"line":13,"column":20}},"loc":{"start":{"line":13,"column":51},"end":{"line":96,"column":1}},"line":13},"1":{"name":"(anonymous_1)","decl":{"start":{"line":18,"column":20},"end":{"line":18,"column":21}},"loc":{"start":{"line":18,"column":26},"end":{"line":21,"column":5}},"line":18},"2":{"name":"(anonymous_2)","decl":{"start":{"line":22,"column":28},"end":{"line":22,"column":29}},"loc":{"start":{"line":22,"column":36},"end":{"line":31,"column":5}},"line":22},"3":{"name":"(anonymous_3)","decl":{"start":{"line":33,"column":31},"end":{"line":33,"column":32}},"loc":{"start":{"line":33,"column":39},"end":{"line":40,"column":5}},"line":33},"4":{"name":"(anonymous_4)","decl":{"start":{"line":49,"column":33},"end":{"line":49,"column":34}},"loc":{"start":{"line":49,"column":37},"end":{"line":49,"column":69}},"line":49},"5":{"name":"(anonymous_5)","decl":{"start":{"line":54,"column":33},"end":{"line":54,"column":34}},"loc":{"start":{"line":54,"column":37},"end":{"line":54,"column":69}},"line":54},"6":{"name":"(anonymous_6)","decl":{"start":{"line":62,"column":41},"end":{"line":62,"column":42}},"loc":{"start":{"line":62,"column":47},"end":{"line":68,"column":33}},"line":62},"7":{"name":"(anonymous_7)","decl":{"start":{"line":75,"column":49},"end":{"line":75,"column":50}},"loc":{"start":{"line":75,"column":55},"end":{"line":81,"column":29}},"line":75}},"branchMap":{"0":{"loc":{"start":{"line":19,"column":17},"end":{"line":19,"column":85}},"type":"cond-expr","locations":[{"start":{"line":19,"column":34},"end":{"line":19,"column":77}},{"start":{"line":19,"column":80},"end":{"line":19,"column":85}}],"line":19},"1":{"loc":{"start":{"line":20,"column":20},"end":{"line":20,"column":94}},"type":"cond-expr","locations":[{"start":{"line":20,"column":40},"end":{"line":20,"column":86}},{"start":{"line":20,"column":89},"end":{"line":20,"column":94}}],"line":20},"2":{"loc":{"start":{"line":23,"column":8},"end":{"line":28,"column":9}},"type":"if","locations":[{"start":{"line":23,"column":8},"end":{"line":28,"column":9}},{"start":{"line":25,"column":15},"end":{"line":28,"column":9}}],"line":23},"3":{"loc":{"start":{"line":34,"column":8},"end":{"line":39,"column":9}},"type":"if","locations":[{"start":{"line":34,"column":8},"end":{"line":39,"column":9}},{"start":{"line":36,"column":15},"end":{"line":39,"column":9}}],"line":34},"4":{"loc":{"start":{"line":64,"column":36},"end":{"line":66,"column":37}},"type":"if","locations":[{"start":{"line":64,"column":36},"end":{"line":66,"column":37}},{"start":{},"end":{}}],"line":64},"5":{"loc":{"start":{"line":70,"column":33},"end":{"line":72,"column":82}},"type":"cond-expr","locations":[{"start":{"line":71,"column":38},"end":{"line":71,"column":75}},{"start":{"line":72,"column":38},"end":{"line":72,"column":82}}],"line":70},"6":{"loc":{"start":{"line":77,"column":32},"end":{"line":79,"column":33}},"type":"if","locations":[{"start":{"line":77,"column":32},"end":{"line":79,"column":33}},{"start":{},"end":{}}],"line":77},"7":{"loc":{"start":{"line":82,"column":33},"end":{"line":84,"column":84}},"type":"cond-expr","locations":[{"start":{"line":83,"column":38},"end":{"line":83,"column":77}},{"start":{"line":84,"column":38},"end":{"line":84,"column":84}}],"line":82}},"s":{"0":0,"1":0,"2":0,"3":0,"4":0,"5":0,"6":0,"7":0,"8":0,"9":0,"10":0,"11":0,"12":0,"13":0,"14":0,"15":0,"16":0,"17":0,"18":0,"19":0,"20":0,"21":0,"22":0,"23":0,"24":0,"25":0,"26":0,"27":0},"f":{"0":0,"1":0,"2":0,"3":0,"4":0,"5":0,"6":0,"7":0},"b":{"0":[0,0],"1":[0,0],"2":[0,0],"3":[0,0],"4":[0,0],"5":[0,0],"6":[0,0],"7":[0,0]}}
,"C:\\Users\\wadem\\Documents\\4155-TastyOnABudget\\frontend\\TastyFrontend\\src\\pages\\About.jsx": {"path":"C:\\Users\\wadem\\Documents\\4155-TastyOnABudget\\frontend\\TastyFrontend\\src\\pages\\About.jsx","statementMap":{"0":{"start":{"line":12,"column":4},"end":{"line":186,"column":5}}},"fnMap":{"0":{"name":"About","decl":{"start":{"line":11,"column":9},"end":{"line":11,"column":14}},"loc":{"start":{"line":11,"column":17},"end":{"line":187,"column":1}},"line":11}},"branchMap":{},"s":{"0":0},"f":{"0":0},"b":{}}
,"C:\\Users\\wadem\\Documents\\4155-TastyOnABudget\\frontend\\TastyFrontend\\src\\pages\\Contact.jsx": {"path":"C:\\Users\\wadem\\Documents\\4155-TastyOnABudget\\frontend\\TastyFrontend\\src\\pages\\Contact.jsx","statementMap":{"0":{"start":{"line":7,"column":4},"end":{"line":68,"column":5}}},"fnMap":{"0":{"name":"Contact","decl":{"start":{"line":6,"column":9},"end":{"line":6,"column":16}},"loc":{"start":{"line":6,"column":19},"end":{"line":69,"column":1}},"line":6}},"branchMap":{},"s":{"0":0},"f":{"0":0},"b":{}}
,"C:\\Users\\wadem\\Documents\\4155-TastyOnABudget\\frontend\\TastyFrontend\\src\\pages\\Home.jsx": {"path":"C:\\Users\\wadem\\Documents\\4155-TastyOnABudget\\frontend\\TastyFrontend\\src\\pages\\Home.jsx","statementMap":{"0":{"start":{"line":18,"column":28},"end":{"line":18,"column":44}},"1":{"start":{"line":19,"column":34},"end":{"line":19,"column":55}},"2":{"start":{"line":20,"column":34},"end":{"line":20,"column":52}},"3":{"start":{"line":21,"column":52},"end":{"line":21,"column":70}},"4":{"start":{"line":24,"column":8},"end":{"line":27,"column":15}},"5":{"start":{"line":26,"column":16},"end":{"line":26,"column":84}},"6":{"start":{"line":29,"column":23},"end":{"line":47,"column":5}},"7":{"start":{"line":30,"column":8},"end":{"line":46,"column":10}},"8":{"start":{"line":31,"column":12},"end":{"line":31,"column":35}},"9":{"start":{"line":32,"column":12},"end":{"line":45,"column":14}},"10":{"start":{"line":33,"column":16},"end":{"line":43,"column":17}},"11":{"start":{"line":33,"column":44},"end":{"line":42,"column":17}},"12":{"start":{"line":52,"column":4},"end":{"line":76,"column":10}},"13":{"start":{"line":53,"column":8},"end":{"line":56,"column":9}},"14":{"start":{"line":54,"column":12},"end":{"line":54,"column":71}},"15":{"start":{"line":55,"column":12},"end":{"line":55,"column":74}},"16":{"start":{"line":57,"column":8},"end":{"line":74,"column":10}},"17":{"start":{"line":58,"column":12},"end":{"line":58,"column":26}},"18":{"start":{"line":59,"column":12},"end":{"line":59,"column":33}},"19":{"start":{"line":60,"column":12},"end":{"line":73,"column":14}},"20":{"start":{"line":61,"column":16},"end":{"line":71,"column":17}},"21":{"start":{"line":61,"column":35},"end":{"line":70,"column":17}},"22":{"start":{"line":78,"column":4},"end":{"line":78,"column":33}},"23":{"start":{"line":79,"column":4},"end":{"line":356,"column":5}},"24":{"start":{"line":80,"column":8},"end":{"line":250,"column":9}},"25":{"start":{"line":88,"column":36},"end":{"line":93,"column":52}},"26":{"start":{"line":90,"column":44},"end":{"line":90,"column":77}},"27":{"start":{"line":94,"column":36},"end":{"line":99,"column":49}},"28":{"start":{"line":96,"column":44},"end":{"line":96,"column":77}},"29":{"start":{"line":132,"column":40},"end":{"line":132,"column":95}},"30":{"start":{"line":157,"column":44},"end":{"line":157,"column":99}},"31":{"start":{"line":252,"column":8},"end":{"line":355,"column":9}},"32":{"start":{"line":260,"column":36},"end":{"line":265,"column":52}},"33":{"start":{"line":262,"column":44},"end":{"line":262,"column":77}},"34":{"start":{"line":266,"column":36},"end":{"line":272,"column":49}},"35":{"start":{"line":268,"column":44},"end":{"line":268,"column":77}},"36":{"start":{"line":326,"column":40},"end":{"line":326,"column":95}}},"fnMap":{"0":{"name":"Home","decl":{"start":{"line":17,"column":9},"end":{"line":17,"column":13}},"loc":{"start":{"line":17,"column":16},"end":{"line":357,"column":1}},"line":17},"1":{"name":"unicodeToChar","decl":{"start":{"line":23,"column":13},"end":{"line":23,"column":26}},"loc":{"start":{"line":23,"column":33},"end":{"line":28,"column":5}},"line":23},"2":{"name":"(anonymous_2)","decl":{"start":{"line":25,"column":12},"end":{"line":25,"column":13}},"loc":{"start":{"line":25,"column":29},"end":{"line":27,"column":13}},"line":25},"3":{"name":"(anonymous_3)","decl":{"start":{"line":29,"column":23},"end":{"line":29,"column":24}},"loc":{"start":{"line":29,"column":33},"end":{"line":47,"column":5}},"line":29},"4":{"name":"(anonymous_4)","decl":{"start":{"line":30,"column":54},"end":{"line":30,"column":55}},"loc":{"start":{"line":30,"column":63},"end":{"line":46,"column":9}},"line":30},"5":{"name":"(anonymous_5)","decl":{"start":{"line":32,"column":25},"end":{"line":32,"column":26}},"loc":{"start":{"line":32,"column":38},"end":{"line":45,"column":13}},"line":32},"6":{"name":"(anonymous_6)","decl":{"start":{"line":33,"column":36},"end":{"line":33,"column":37}},"loc":{"start":{"line":33,"column":44},"end":{"line":42,"column":17}},"line":33},"7":{"name":"(anonymous_7)","decl":{"start":{"line":52,"column":20},"end":{"line":52,"column":21}},"loc":{"start":{"line":52,"column":26},"end":{"line":76,"column":5}},"line":52},"8":{"name":"(anonymous_8)","decl":{"start":{"line":57,"column":38},"end":{"line":57,"column":39}},"loc":{"start":{"line":57,"column":47},"end":{"line":74,"column":9}},"line":57},"9":{"name":"(anonymous_9)","decl":{"start":{"line":60,"column":25},"end":{"line":60,"column":26}},"loc":{"start":{"line":60,"column":38},"end":{"line":73,"column":13}},"line":60},"10":{"name":"(anonymous_10)","decl":{"start":{"line":61,"column":27},"end":{"line":61,"column":28}},"loc":{"start":{"line":61,"column":35},"end":{"line":70,"column":17}},"line":61},"11":{"name":"(anonymous_11)","decl":{"start":{"line":87,"column":40},"end":{"line":87,"column":41}},"loc":{"start":{"line":87,"column":56},"end":{"line":101,"column":33}},"line":87},"12":{"name":"(anonymous_12)","decl":{"start":{"line":89,"column":54},"end":{"line":89,"column":55}},"loc":{"start":{"line":89,"column":60},"end":{"line":91,"column":41}},"line":89},"13":{"name":"(anonymous_13)","decl":{"start":{"line":95,"column":54},"end":{"line":95,"column":55}},"loc":{"start":{"line":95,"column":60},"end":{"line":97,"column":41}},"line":95},"14":{"name":"(anonymous_14)","decl":{"start":{"line":131,"column":48},"end":{"line":131,"column":49}},"loc":{"start":{"line":132,"column":40},"end":{"line":132,"column":95}},"line":132},"15":{"name":"(anonymous_15)","decl":{"start":{"line":156,"column":66},"end":{"line":156,"column":67}},"loc":{"start":{"line":157,"column":44},"end":{"line":157,"column":99}},"line":157},"16":{"name":"(anonymous_16)","decl":{"start":{"line":259,"column":40},"end":{"line":259,"column":41}},"loc":{"start":{"line":259,"column":56},"end":{"line":274,"column":33}},"line":259},"17":{"name":"(anonymous_17)","decl":{"start":{"line":261,"column":54},"end":{"line":261,"column":55}},"loc":{"start":{"line":261,"column":60},"end":{"line":263,"column":41}},"line":261},"18":{"name":"(anonymous_18)","decl":{"start":{"line":267,"column":54},"end":{"line":267,"column":55}},"loc":{"start":{"line":267,"column":60},"end":{"line":269,"column":41}},"line":267},"19":{"name":"(anonymous_19)","decl":{"start":{"line":325,"column":48},"end":{"line":325,"column":49}},"loc":{"start":{"line":326,"column":40},"end":{"line":326,"column":95}},"line":326}},"branchMap":{"0":{"loc":{"start":{"line":39,"column":33},"end":{"line":39,"column":84}},"type":"cond-expr","locations":[{"start":{"line":39,"column":51},"end":{"line":39,"column":77}},{"start":{"line":39,"column":80},"end":{"line":39,"column":84}}],"line":39},"1":{"loc":{"start":{"line":40,"column":36},"end":{"line":40,"column":93}},"type":"cond-expr","locations":[{"start":{"line":40,"column":57},"end":{"line":40,"column":86}},{"start":{"line":40,"column":89},"end":{"line":40,"column":93}}],"line":40},"2":{"loc":{"start":{"line":53,"column":8},"end":{"line":56,"column":9}},"type":"if","locations":[{"start":{"line":53,"column":8},"end":{"line":56,"column":9}},{"start":{},"end":{}}],"line":53},"3":{"loc":{"start":{"line":67,"column":33},"end":{"line":67,"column":84}},"type":"cond-expr","locations":[{"start":{"line":67,"column":51},"end":{"line":67,"column":77}},{"start":{"line":67,"column":80},"end":{"line":67,"column":84}}],"line":67},"4":{"loc":{"start":{"line":68,"column":36},"end":{"line":68,"column":93}},"type":"cond-expr","locations":[{"start":{"line":68,"column":57},"end":{"line":68,"column":86}},{"start":{"line":68,"column":89},"end":{"line":68,"column":93}}],"line":68},"5":{"loc":{"start":{"line":79,"column":4},"end":{"line":356,"column":5}},"type":"if","locations":[{"start":{"line":79,"column":4},"end":{"line":356,"column":5}},{"start":{"line":251,"column":11},"end":{"line":356,"column":5}}],"line":79},"6":{"loc":{"start":{"line":143,"column":20},"end":{"line":168,"column":22}},"type":"binary-expr","locations":[{"start":{"line":143,"column":20},"end":{"line":143,"column":45}},{"start":{"line":144,"column":20},"end":{"line":168,"column":22}}],"line":143}},"s":{"0":0,"1":0,"2":0,"3":0,"4":0,"5":0,"6":0,"7":0,"8":0,"9":0,"10":0,"11":0,"12":0,"13":0,"14":0,"15":0,"16":0,"17":0,"18":0,"19":0,"20":0,"21":0,"22":0,"23":0,"24":0,"25":0,"26":0,"27":0,"28":0,"29":0,"30":0,"31":0,"32":0,"33":0,"34":0,"35":0,"36":0},"f":{"0":0,"1":0,"2":0,"3":0,"4":0,"5":0,"6":0,"7":0,"8":0,"9":0,"10":0,"11":0,"12":0,"13":0,"14":0,"15":0,"16":0,"17":0,"18":0,"19":0},"b":{"0":[0,0],"1":[0,0],"2":[0,0],"3":[0,0],"4":[0,0],"5":[0,0],"6":[0,0]}}
,"C:\\Users\\wadem\\Documents\\4155-TastyOnABudget\\frontend\\TastyFrontend\\src\\pages\\LikedRecipes.jsx": {"path":"C:\\Users\\wadem\\Documents\\4155-TastyOnABudget\\frontend\\TastyFrontend\\src\\pages\\LikedRecipes.jsx","statementMap":{"0":{"start":{"line":11,"column":21},"end":{"line":80,"column":1}},"1":{"start":{"line":13,"column":34},"end":{"line":13,"column":52}},"2":{"start":{"line":15,"column":28},"end":{"line":15,"column":44}},"3":{"start":{"line":17,"column":8},"end":{"line":20,"column":15}},"4":{"start":{"line":19,"column":16},"end":{"line":19,"column":84}},"5":{"start":{"line":22,"column":4},"end":{"line":43,"column":9}},"6":{"start":{"line":23,"column":8},"end":{"line":42,"column":9}},"7":{"start":{"line":24,"column":12},"end":{"line":24,"column":71}},"8":{"start":{"line":25,"column":12},"end":{"line":41,"column":14}},"9":{"start":{"line":26,"column":16},"end":{"line":26,"column":30}},"10":{"start":{"line":27,"column":16},"end":{"line":40,"column":18}},"11":{"start":{"line":28,"column":20},"end":{"line":38,"column":21}},"12":{"start":{"line":28,"column":39},"end":{"line":37,"column":21}},"13":{"start":{"line":46,"column":4},"end":{"line":79,"column":5}},"14":{"start":{"line":56,"column":44},"end":{"line":56,"column":99}}},"fnMap":{"0":{"name":"(anonymous_0)","decl":{"start":{"line":11,"column":21},"end":{"line":11,"column":22}},"loc":{"start":{"line":11,"column":27},"end":{"line":80,"column":1}},"line":11},"1":{"name":"unicodeToChar","decl":{"start":{"line":16,"column":13},"end":{"line":16,"column":26}},"loc":{"start":{"line":16,"column":33},"end":{"line":21,"column":5}},"line":16},"2":{"name":"(anonymous_2)","decl":{"start":{"line":18,"column":12},"end":{"line":18,"column":13}},"loc":{"start":{"line":18,"column":29},"end":{"line":20,"column":13}},"line":18},"3":{"name":"(anonymous_3)","decl":{"start":{"line":22,"column":20},"end":{"line":22,"column":21}},"loc":{"start":{"line":22,"column":24},"end":{"line":43,"column":5}},"line":22},"4":{"name":"(anonymous_4)","decl":{"start":{"line":25,"column":101},"end":{"line":25,"column":102}},"loc":{"start":{"line":25,"column":110},"end":{"line":41,"column":13}},"line":25},"5":{"name":"(anonymous_5)","decl":{"start":{"line":27,"column":29},"end":{"line":27,"column":30}},"loc":{"start":{"line":27,"column":42},"end":{"line":40,"column":17}},"line":27},"6":{"name":"(anonymous_6)","decl":{"start":{"line":28,"column":31},"end":{"line":28,"column":32}},"loc":{"start":{"line":28,"column":39},"end":{"line":37,"column":21}},"line":28},"7":{"name":"(anonymous_7)","decl":{"start":{"line":55,"column":54},"end":{"line":55,"column":55}},"loc":{"start":{"line":56,"column":44},"end":{"line":56,"column":99}},"line":56}},"branchMap":{"0":{"loc":{"start":{"line":23,"column":8},"end":{"line":42,"column":9}},"type":"if","locations":[{"start":{"line":23,"column":8},"end":{"line":42,"column":9}},{"start":{},"end":{}}],"line":23},"1":{"loc":{"start":{"line":34,"column":37},"end":{"line":34,"column":88}},"type":"cond-expr","locations":[{"start":{"line":34,"column":55},"end":{"line":34,"column":81}},{"start":{"line":34,"column":84},"end":{"line":34,"column":88}}],"line":34},"2":{"loc":{"start":{"line":35,"column":40},"end":{"line":35,"column":97}},"type":"cond-expr","locations":[{"start":{"line":35,"column":61},"end":{"line":35,"column":90}},{"start":{"line":35,"column":93},"end":{"line":35,"column":97}}],"line":35},"3":{"loc":{"start":{"line":54,"column":40},"end":{"line":69,"column":47}},"type":"cond-expr","locations":[{"start":{"line":55,"column":42},"end":{"line":57,"column":42}},{"start":{"line":58,"column":41},"end":{"line":69,"column":47}}],"line":54}},"s":{"0":0,"1":0,"2":0,"3":0,"4":0,"5":0,"6":0,"7":0,"8":0,"9":0,"10":0,"11":0,"12":0,"13":0,"14":0},"f":{"0":0,"1":0,"2":0,"3":0,"4":0,"5":0,"6":0,"7":0},"b":{"0":[0,0],"1":[0,0],"2":[0,0],"3":[0,0]}}
,"C:\\Users\\wadem\\Documents\\4155-TastyOnABudget\\frontend\\TastyFrontend\\src\\pages\\Login.jsx": {"path":"C:\\Users\\wadem\\Documents\\4155-TastyOnABudget\\frontend\\TastyFrontend\\src\\pages\\Login.jsx","statementMap":{"0":{"start":{"line":10,"column":14},"end":{"line":107,"column":1}},"1":{"start":{"line":12,"column":36},"end":{"line":12,"column":54}},"2":{"start":{"line":13,"column":28},"end":{"line":13,"column":46}},"3":{"start":{"line":14,"column":46},"end":{"line":14,"column":67}},"4":{"start":{"line":15,"column":38},"end":{"line":15,"column":59}},"5":{"start":{"line":16,"column":24},"end":{"line":39,"column":5}},"6":{"start":{"line":18,"column":8},"end":{"line":35,"column":9}},"7":{"start":{"line":19,"column":12},"end":{"line":29,"column":14}},"8":{"start":{"line":20,"column":30},"end":{"line":20,"column":54}},"9":{"start":{"line":21,"column":16},"end":{"line":21,"column":61}},"10":{"start":{"line":22,"column":29},"end":{"line":22,"column":65}},"11":{"start":{"line":23,"column":16},"end":{"line":23,"column":76}},"12":{"start":{"line":24,"column":16},"end":{"line":24,"column":48}},"13":{"start":{"line":26,"column":16},"end":{"line":26,"column":35}},"14":{"start":{"line":27,"column":16},"end":{"line":27,"column":39}},"15":{"start":{"line":28,"column":16},"end":{"line":28,"column":48}},"16":{"start":{"line":33,"column":12},"end":{"line":33,"column":31}},"17":{"start":{"line":34,"column":12},"end":{"line":34,"column":35}},"18":{"start":{"line":37,"column":8},"end":{"line":37,"column":20}},"19":{"start":{"line":38,"column":8},"end":{"line":38,"column":24}},"20":{"start":{"line":40,"column":32},"end":{"line":42,"column":5}},"21":{"start":{"line":41,"column":8},"end":{"line":41,"column":36}},"22":{"start":{"line":43,"column":29},"end":{"line":45,"column":5}},"23":{"start":{"line":44,"column":8},"end":{"line":44,"column":32}},"24":{"start":{"line":46,"column":4},"end":{"line":106,"column":5}},"25":{"start":{"line":68,"column":55},"end":{"line":68,"column":123}},"26":{"start":{"line":84,"column":55},"end":{"line":84,"column":119}}},"fnMap":{"0":{"name":"(anonymous_0)","decl":{"start":{"line":10,"column":14},"end":{"line":10,"column":15}},"loc":{"start":{"line":10,"column":20},"end":{"line":107,"column":1}},"line":10},"1":{"name":"(anonymous_1)","decl":{"start":{"line":16,"column":24},"end":{"line":16,"column":25}},"loc":{"start":{"line":16,"column":31},"end":{"line":39,"column":5}},"line":16},"2":{"name":"(anonymous_2)","decl":{"start":{"line":19,"column":50},"end":{"line":19,"column":51}},"loc":{"start":{"line":19,"column":59},"end":{"line":25,"column":13}},"line":19},"3":{"name":"(anonymous_3)","decl":{"start":{"line":25,"column":21},"end":{"line":25,"column":22}},"loc":{"start":{"line":25,"column":28},"end":{"line":29,"column":13}},"line":25},"4":{"name":"(anonymous_4)","decl":{"start":{"line":40,"column":32},"end":{"line":40,"column":33}},"loc":{"start":{"line":40,"column":39},"end":{"line":42,"column":5}},"line":40},"5":{"name":"(anonymous_5)","decl":{"start":{"line":43,"column":29},"end":{"line":43,"column":30}},"loc":{"start":{"line":43,"column":36},"end":{"line":45,"column":5}},"line":43},"6":{"name":"(anonymous_6)","decl":{"start":{"line":68,"column":48},"end":{"line":68,"column":49}},"loc":{"start":{"line":68,"column":55},"end":{"line":68,"column":123}},"line":68},"7":{"name":"(anonymous_7)","decl":{"start":{"line":84,"column":48},"end":{"line":84,"column":49}},"loc":{"start":{"line":84,"column":55},"end":{"line":84,"column":119}},"line":84}},"branchMap":{"0":{"loc":{"start":{"line":18,"column":8},"end":{"line":35,"column":9}},"type":"if","locations":[{"start":{"line":18,"column":8},"end":{"line":35,"column":9}},{"start":{"line":32,"column":15},"end":{"line":35,"column":9}}],"line":18},"1":{"loc":{"start":{"line":18,"column":12},"end":{"line":18,"column":35}},"type":"binary-expr","locations":[{"start":{"line":18,"column":12},"end":{"line":18,"column":20}},{"start":{"line":18,"column":24},"end":{"line":18,"column":35}}],"line":18},"2":{"loc":{"start":{"line":67,"column":52},"end":{"line":67,"column":91}},"type":"cond-expr","locations":[{"start":{"line":67,"column":68},"end":{"line":67,"column":86}},{"start":{"line":67,"column":89},"end":{"line":67,"column":91}}],"line":67},"3":{"loc":{"start":{"line":68,"column":55},"end":{"line":68,"column":123}},"type":"cond-expr","locations":[{"start":{"line":68,"column":94},"end":{"line":68,"column":116}},{"start":{"line":68,"column":119},"end":{"line":68,"column":123}}],"line":68},"4":{"loc":{"start":{"line":68,"column":55},"end":{"line":68,"column":91}},"type":"binary-expr","locations":[{"start":{"line":68,"column":55},"end":{"line":68,"column":70}},{"start":{"line":68,"column":74},"end":{"line":68,"column":91}}],"line":68},"5":{"loc":{"start":{"line":83,"column":52},"end":{"line":83,"column":87}},"type":"cond-expr","locations":[{"start":{"line":83,"column":64},"end":{"line":83,"column":82}},{"start":{"line":83,"column":85},"end":{"line":83,"column":87}}],"line":83},"6":{"loc":{"start":{"line":84,"column":55},"end":{"line":84,"column":119}},"type":"cond-expr","locations":[{"start":{"line":84,"column":94},"end":{"line":84,"column":112}},{"start":{"line":84,"column":115},"end":{"line":84,"column":119}}],"line":84},"7":{"loc":{"start":{"line":84,"column":55},"end":{"line":84,"column":91}},"type":"binary-expr","locations":[{"start":{"line":84,"column":55},"end":{"line":84,"column":70}},{"start":{"line":84,"column":74},"end":{"line":84,"column":91}}],"line":84}},"s":{"0":0,"1":0,"2":0,"3":0,"4":0,"5":0,"6":0,"7":0,"8":0,"9":0,"10":0,"11":0,"12":0,"13":0,"14":0,"15":0,"16":0,"17":0,"18":0,"19":0,"20":0,"21":0,"22":0,"23":0,"24":0,"25":0,"26":0},"f":{"0":0,"1":0,"2":0,"3":0,"4":0,"5":0,"6":0,"7":0},"b":{"0":[0,0],"1":[0,0],"2":[0,0],"3":[0,0],"4":[0,0],"5":[0,0],"6":[0,0],"7":[0,0]}}
,"C:\\Users\\wadem\\Documents\\4155-TastyOnABudget\\frontend\\TastyFrontend\\src\\pages\\NotFound.jsx": {"path":"C:\\Users\\wadem\\Documents\\4155-TastyOnABudget\\frontend\\TastyFrontend\\src\\pages\\NotFound.jsx","statementMap":{"0":{"start":{"line":5,"column":4},"end":{"line":10,"column":5}}},"fnMap":{"0":{"name":"NotFound","decl":{"start":{"line":4,"column":24},"end":{"line":4,"column":32}},"loc":{"start":{"line":4,"column":35},"end":{"line":11,"column":1}},"line":4}},"branchMap":{},"s":{"0":0},"f":{"0":0},"b":{}}
,"C:\\Users\\wadem\\Documents\\4155-TastyOnABudget\\frontend\\TastyFrontend\\src\\pages\\PrivacyPolicy.jsx": {"path":"C:\\Users\\wadem\\Documents\\4155-TastyOnABudget\\frontend\\TastyFrontend\\src\\pages\\PrivacyPolicy.jsx","statementMap":{"0":{"start":{"line":8,"column":4},"end":{"line":70,"column":5}}},"fnMap":{"0":{"name":"PrivacyPolicy","decl":{"start":{"line":7,"column":24},"end":{"line":7,"column":37}},"loc":{"start":{"line":7,"column":40},"end":{"line":71,"column":1}},"line":7}},"branchMap":{},"s":{"0":0},"f":{"0":0},"b":{}}
,"C:\\Users\\wadem\\Documents\\4155-TastyOnABudget\\frontend\\TastyFrontend\\src\\pages\\Recipe.jsx": {"path":"C:\\Users\\wadem\\Documents\\4155-TastyOnABudget\\frontend\\TastyFrontend\\src\\pages\\Recipe.jsx","statementMap":{"0":{"start":{"line":9,"column":15},"end":{"line":119,"column":1}},"1":{"start":{"line":10,"column":28},"end":{"line":10,"column":44}},"2":{"start":{"line":11,"column":32},"end":{"line":11,"column":50}},"3":{"start":{"line":12,"column":15},"end":{"line":12,"column":26}},"4":{"start":{"line":15,"column":8},"end":{"line":18,"column":15}},"5":{"start":{"line":17,"column":16},"end":{"line":17,"column":84}},"6":{"start":{"line":22,"column":24},"end":{"line":22,"column":39}},"7":{"start":{"line":25,"column":4},"end":{"line":47,"column":10}},"8":{"start":{"line":26,"column":8},"end":{"line":29,"column":9}},"9":{"start":{"line":27,"column":12},"end":{"line":27,"column":64}},"10":{"start":{"line":30,"column":8},"end":{"line":30,"column":21}},"11":{"start":{"line":31,"column":8},"end":{"line":45,"column":10}},"12":{"start":{"line":33,"column":12},"end":{"line":43,"column":13}},"13":{"start":{"line":44,"column":12},"end":{"line":44,"column":57}},"14":{"start":{"line":49,"column":4},"end":{"line":118,"column":5}},"15":{"start":{"line":80,"column":36},"end":{"line":82,"column":37}},"16":{"start":{"line":81,"column":40},"end":{"line":81,"column":63}},"17":{"start":{"line":93,"column":36},"end":{"line":93,"column":59}},"18":{"start":{"line":104,"column":36},"end":{"line":106,"column":37}},"19":{"start":{"line":105,"column":40},"end":{"line":105,"column":127}},"20":{"start":{"line":107,"column":36},"end":{"line":107,"column":124}}},"fnMap":{"0":{"name":"(anonymous_0)","decl":{"start":{"line":9,"column":15},"end":{"line":9,"column":16}},"loc":{"start":{"line":9,"column":21},"end":{"line":119,"column":1}},"line":9},"1":{"name":"unicodeToChar","decl":{"start":{"line":14,"column":13},"end":{"line":14,"column":26}},"loc":{"start":{"line":14,"column":33},"end":{"line":20,"column":5}},"line":14},"2":{"name":"(anonymous_2)","decl":{"start":{"line":16,"column":12},"end":{"line":16,"column":13}},"loc":{"start":{"line":16,"column":29},"end":{"line":18,"column":13}},"line":16},"3":{"name":"splitText","decl":{"start":{"line":21,"column":13},"end":{"line":21,"column":22}},"loc":{"start":{"line":21,"column":29},"end":{"line":23,"column":5}},"line":21},"4":{"name":"(anonymous_4)","decl":{"start":{"line":25,"column":20},"end":{"line":25,"column":21}},"loc":{"start":{"line":25,"column":26},"end":{"line":47,"column":5}},"line":25},"5":{"name":"(anonymous_5)","decl":{"start":{"line":31,"column":50},"end":{"line":31,"column":51}},"loc":{"start":{"line":31,"column":59},"end":{"line":45,"column":9}},"line":31},"6":{"name":"(anonymous_6)","decl":{"start":{"line":79,"column":55},"end":{"line":79,"column":56}},"loc":{"start":{"line":79,"column":65},"end":{"line":83,"column":33}},"line":79},"7":{"name":"(anonymous_7)","decl":{"start":{"line":92,"column":49},"end":{"line":92,"column":50}},"loc":{"start":{"line":92,"column":59},"end":{"line":94,"column":33}},"line":92},"8":{"name":"(anonymous_8)","decl":{"start":{"line":103,"column":68},"end":{"line":103,"column":69}},"loc":{"start":{"line":103,"column":77},"end":{"line":108,"column":33}},"line":103}},"branchMap":{"0":{"loc":{"start":{"line":26,"column":8},"end":{"line":29,"column":9}},"type":"if","locations":[{"start":{"line":26,"column":8},"end":{"line":29,"column":9}},{"start":{},"end":{}}],"line":26},"1":{"loc":{"start":{"line":38,"column":33},"end":{"line":38,"column":121}},"type":"cond-expr","locations":[{"start":{"line":38,"column":56},"end":{"line":38,"column":114}},{"start":{"line":38,"column":117},"end":{"line":38,"column":121}}],"line":38},"2":{"loc":{"start":{"line":63,"column":25},"end":{"line":66,"column":41}},"type":"binary-expr","locations":[{"start":{"line":63,"column":25},"end":{"line":63,"column":43}},{"start":{"line":64,"column":28},"end":{"line":66,"column":41}}],"line":63},"3":{"loc":{"start":{"line":78,"column":29},"end":{"line":84,"column":36}},"type":"cond-expr","locations":[{"start":{"line":79,"column":32},"end":{"line":83,"column":34}},{"start":{"line":84,"column":32},"end":{"line":84,"column":36}}],"line":78},"4":{"loc":{"start":{"line":80,"column":36},"end":{"line":82,"column":37}},"type":"if","locations":[{"start":{"line":80,"column":36},"end":{"line":82,"column":37}},{"start":{},"end":{}}],"line":80},"5":{"loc":{"start":{"line":91,"column":29},"end":{"line":95,"column":36}},"type":"cond-expr","locations":[{"start":{"line":92,"column":32},"end":{"line":94,"column":34}},{"start":{"line":95,"column":32},"end":{"line":95,"column":36}}],"line":91},"6":{"loc":{"start":{"line":102,"column":29},"end":{"line":109,"column":38}},"type":"cond-expr","locations":[{"start":{"line":103,"column":34},"end":{"line":108,"column":34}},{"start":{"line":109,"column":34},"end":{"line":109,"column":38}}],"line":102},"7":{"loc":{"start":{"line":104,"column":36},"end":{"line":106,"column":37}},"type":"if","locations":[{"start":{"line":104,"column":36},"end":{"line":106,"column":37}},{"start":{},"end":{}}],"line":104}},"s":{"0":0,"1":0,"2":0,"3":0,"4":0,"5":0,"6":0,"7":0,"8":0,"9":0,"10":0,"11":0,"12":0,"13":0,"14":0,"15":0,"16":0,"17":0,"18":0,"19":0,"20":0},"f":{"0":0,"1":0,"2":0,"3":0,"4":0,"5":0,"6":0,"7":0,"8":0},"b":{"0":[0,0],"1":[0,0],"2":[0,0],"3":[0,0],"4":[0,0],"5":[0,0],"6":[0,0],"7":[0,0]}}
,"C:\\Users\\wadem\\Documents\\4155-TastyOnABudget\\frontend\\TastyFrontend\\src\\pages\\Recipes.jsx": {"path":"C:\\Users\\wadem\\Documents\\4155-TastyOnABudget\\frontend\\TastyFrontend\\src\\pages\\Recipes.jsx","statementMap":{"0":{"start":{"line":9,"column":16},"end":{"line":139,"column":1}},"1":{"start":{"line":10,"column":34},"end":{"line":10,"column":55}},"2":{"start":{"line":11,"column":34},"end":{"line":11,"column":52}},"3":{"start":{"line":12,"column":40},"end":{"line":12,"column":58}},"4":{"start":{"line":13,"column":40},"end":{"line":13,"column":60}},"5":{"start":{"line":14,"column":28},"end":{"line":14,"column":44}},"6":{"start":{"line":17,"column":8},"end":{"line":20,"column":15}},"7":{"start":{"line":19,"column":16},"end":{"line":19,"column":84}},"8":{"start":{"line":22,"column":4},"end":{"line":26,"column":10}},"9":{"start":{"line":23,"column":8},"end":{"line":25,"column":9}},"10":{"start":{"line":24,"column":12},"end":{"line":24,"column":71}},"11":{"start":{"line":28,"column":25},"end":{"line":71,"column":5}},"12":{"start":{"line":29,"column":8},"end":{"line":29,"column":22}},"13":{"start":{"line":30,"column":8},"end":{"line":70,"column":9}},"14":{"start":{"line":31,"column":12},"end":{"line":48,"column":14}},"15":{"start":{"line":32,"column":16},"end":{"line":45,"column":18}},"16":{"start":{"line":33,"column":20},"end":{"line":43,"column":21}},"17":{"start":{"line":33,"column":39},"end":{"line":42,"column":21}},"18":{"start":{"line":47,"column":16},"end":{"line":47,"column":48}},"19":{"start":{"line":49,"column":15},"end":{"line":70,"column":9}},"20":{"start":{"line":50,"column":12},"end":{"line":69,"column":14}},"21":{"start":{"line":52,"column":16},"end":{"line":66,"column":18}},"22":{"start":{"line":54,"column":20},"end":{"line":64,"column":21}},"23":{"start":{"line":54,"column":39},"end":{"line":63,"column":21}},"24":{"start":{"line":68,"column":16},"end":{"line":68,"column":48}},"25":{"start":{"line":73,"column":4},"end":{"line":138,"column":5}},"26":{"start":{"line":85,"column":28},"end":{"line":85,"column":58}},"27":{"start":{"line":91,"column":28},"end":{"line":91,"column":58}},"28":{"start":{"line":99,"column":39},"end":{"line":99,"column":53}},"29":{"start":{"line":113,"column":44},"end":{"line":113,"column":99}}},"fnMap":{"0":{"name":"(anonymous_0)","decl":{"start":{"line":9,"column":16},"end":{"line":9,"column":17}},"loc":{"start":{"line":9,"column":22},"end":{"line":139,"column":1}},"line":9},"1":{"name":"unicodeToChar","decl":{"start":{"line":16,"column":13},"end":{"line":16,"column":26}},"loc":{"start":{"line":16,"column":33},"end":{"line":21,"column":5}},"line":16},"2":{"name":"(anonymous_2)","decl":{"start":{"line":18,"column":12},"end":{"line":18,"column":13}},"loc":{"start":{"line":18,"column":29},"end":{"line":20,"column":13}},"line":18},"3":{"name":"(anonymous_3)","decl":{"start":{"line":22,"column":20},"end":{"line":22,"column":21}},"loc":{"start":{"line":22,"column":26},"end":{"line":26,"column":5}},"line":22},"4":{"name":"(anonymous_4)","decl":{"start":{"line":28,"column":25},"end":{"line":28,"column":26}},"loc":{"start":{"line":28,"column":37},"end":{"line":71,"column":5}},"line":28},"5":{"name":"(anonymous_5)","decl":{"start":{"line":31,"column":59},"end":{"line":31,"column":60}},"loc":{"start":{"line":31,"column":68},"end":{"line":46,"column":13}},"line":31},"6":{"name":"(anonymous_6)","decl":{"start":{"line":32,"column":29},"end":{"line":32,"column":30}},"loc":{"start":{"line":32,"column":42},"end":{"line":45,"column":17}},"line":32},"7":{"name":"(anonymous_7)","decl":{"start":{"line":33,"column":31},"end":{"line":33,"column":32}},"loc":{"start":{"line":33,"column":39},"end":{"line":42,"column":21}},"line":33},"8":{"name":"(anonymous_8)","decl":{"start":{"line":46,"column":21},"end":{"line":46,"column":22}},"loc":{"start":{"line":46,"column":28},"end":{"line":48,"column":13}},"line":46},"9":{"name":"(anonymous_9)","decl":{"start":{"line":50,"column":58},"end":{"line":50,"column":59}},"loc":{"start":{"line":50,"column":67},"end":{"line":67,"column":13}},"line":50},"10":{"name":"(anonymous_10)","decl":{"start":{"line":52,"column":29},"end":{"line":52,"column":30}},"loc":{"start":{"line":52,"column":42},"end":{"line":66,"column":17}},"line":52},"11":{"name":"(anonymous_11)","decl":{"start":{"line":54,"column":31},"end":{"line":54,"column":32}},"loc":{"start":{"line":54,"column":39},"end":{"line":63,"column":21}},"line":54},"12":{"name":"(anonymous_12)","decl":{"start":{"line":67,"column":21},"end":{"line":67,"column":22}},"loc":{"start":{"line":67,"column":28},"end":{"line":69,"column":13}},"line":67},"13":{"name":"(anonymous_13)","decl":{"start":{"line":84,"column":34},"end":{"line":84,"column":35}},"loc":{"start":{"line":84,"column":41},"end":{"line":86,"column":25}},"line":84},"14":{"name":"(anonymous_14)","decl":{"start":{"line":90,"column":34},"end":{"line":90,"column":35}},"loc":{"start":{"line":90,"column":41},"end":{"line":93,"column":25}},"line":90},"15":{"name":"(anonymous_15)","decl":{"start":{"line":99,"column":33},"end":{"line":99,"column":34}},"loc":{"start":{"line":99,"column":39},"end":{"line":99,"column":53}},"line":99},"16":{"name":"(anonymous_16)","decl":{"start":{"line":112,"column":54},"end":{"line":112,"column":55}},"loc":{"start":{"line":113,"column":44},"end":{"line":113,"column":99}},"line":113}},"branchMap":{"0":{"loc":{"start":{"line":23,"column":8},"end":{"line":25,"column":9}},"type":"if","locations":[{"start":{"line":23,"column":8},"end":{"line":25,"column":9}},{"start":{},"end":{}}],"line":23},"1":{"loc":{"start":{"line":30,"column":8},"end":{"line":70,"column":9}},"type":"if","locations":[{"start":{"line":30,"column":8},"end":{"line":70,"column":9}},{"start":{"line":49,"column":15},"end":{"line":70,"column":9}}],"line":30},"2":{"loc":{"start":{"line":39,"column":37},"end":{"line":39,"column":88}},"type":"cond-expr","locations":[{"start":{"line":39,"column":55},"end":{"line":39,"column":81}},{"start":{"line":39,"column":84},"end":{"line":39,"column":88}}],"line":39},"3":{"loc":{"start":{"line":40,"column":40},"end":{"line":40,"column":97}},"type":"cond-expr","locations":[{"start":{"line":40,"column":61},"end":{"line":40,"column":90}},{"start":{"line":40,"column":93},"end":{"line":40,"column":97}}],"line":40},"4":{"loc":{"start":{"line":49,"column":15},"end":{"line":70,"column":9}},"type":"if","locations":[{"start":{"line":49,"column":15},"end":{"line":70,"column":9}},{"start":{},"end":{}}],"line":49},"5":{"loc":{"start":{"line":60,"column":37},"end":{"line":60,"column":88}},"type":"cond-expr","locations":[{"start":{"line":60,"column":55},"end":{"line":60,"column":81}},{"start":{"line":60,"column":84},"end":{"line":60,"column":88}}],"line":60},"6":{"loc":{"start":{"line":61,"column":40},"end":{"line":61,"column":97}},"type":"cond-expr","locations":[{"start":{"line":61,"column":61},"end":{"line":61,"column":90}},{"start":{"line":61,"column":93},"end":{"line":61,"column":97}}],"line":61},"7":{"loc":{"start":{"line":111,"column":40},"end":{"line":126,"column":47}},"type":"cond-expr","locations":[{"start":{"line":112,"column":42},"end":{"line":114,"column":42}},{"start":{"line":115,"column":41},"end":{"line":126,"column":47}}],"line":111}},"s":{"0":0,"1":0,"2":0,"3":0,"4":0,"5":0,"6":0,"7":0,"8":0,"9":0,"10":0,"11":0,"12":0,"13":0,"14":0,"15":0,"16":0,"17":0,"18":0,"19":0,"20":0,"21":0,"22":0,"23":0,"24":0,"25":0,"26":0,"27":0,"28":0,"29":0},"f":{"0":0,"1":0,"2":0,"3":0,"4":0,"5":0,"6":0,"7":0,"8":0,"9":0,"10":0,"11":0,"12":0,"13":0,"14":0,"15":0,"16":0},"b":{"0":[0,0],"1":[0,0],"2":[0,0],"3":[0,0],"4":[0,0],"5":[0,0],"6":[0,0],"7":[0,0]}}
,"C:\\Users\\wadem\\Documents\\4155-TastyOnABudget\\frontend\\TastyFrontend\\src\\pages\\SignUp.jsx": {"path":"C:\\Users\\wadem\\Documents\\4155-TastyOnABudget\\frontend\\TastyFrontend\\src\\pages\\SignUp.jsx","statementMap":{"0":{"start":{"line":12,"column":15},"end":{"line":212,"column":1}},"1":{"start":{"line":13,"column":30},"end":{"line":13,"column":48}},"2":{"start":{"line":14,"column":36},"end":{"line":14,"column":54}},"3":{"start":{"line":15,"column":28},"end":{"line":15,"column":46}},"4":{"start":{"line":16,"column":30},"end":{"line":16,"column":48}},"5":{"start":{"line":17,"column":38},"end":{"line":17,"column":56}},"6":{"start":{"line":18,"column":46},"end":{"line":18,"column":67}},"7":{"start":{"line":19,"column":40},"end":{"line":19,"column":61}},"8":{"start":{"line":20,"column":40},"end":{"line":20,"column":61}},"9":{"start":{"line":21,"column":40},"end":{"line":21,"column":61}},"10":{"start":{"line":22,"column":48},"end":{"line":22,"column":69}},"11":{"start":{"line":26,"column":24},"end":{"line":72,"column":5}},"12":{"start":{"line":27,"column":8},"end":{"line":69,"column":9}},"13":{"start":{"line":28,"column":21},"end":{"line":28,"column":173}},"14":{"start":{"line":29,"column":12},"end":{"line":32,"column":13}},"15":{"start":{"line":30,"column":16},"end":{"line":30,"column":35}},"16":{"start":{"line":31,"column":16},"end":{"line":31,"column":22}},"17":{"start":{"line":33,"column":12},"end":{"line":53,"column":13}},"18":{"start":{"line":34,"column":16},"end":{"line":48,"column":18}},"19":{"start":{"line":35,"column":20},"end":{"line":41,"column":22}},"20":{"start":{"line":36,"column":38},"end":{"line":36,"column":62}},"21":{"start":{"line":37,"column":24},"end":{"line":37,"column":62}},"22":{"start":{"line":38,"column":37},"end":{"line":38,"column":73}},"23":{"start":{"line":39,"column":24},"end":{"line":39,"column":77}},"24":{"start":{"line":40,"column":24},"end":{"line":40,"column":56}},"25":{"start":{"line":43,"column":20},"end":{"line":46,"column":21}},"26":{"start":{"line":44,"column":24},"end":{"line":44,"column":46}},"27":{"start":{"line":45,"column":24},"end":{"line":45,"column":47}},"28":{"start":{"line":50,"column":16},"end":{"line":50,"column":46}},"29":{"start":{"line":51,"column":16},"end":{"line":51,"column":36}},"30":{"start":{"line":52,"column":16},"end":{"line":52,"column":36}},"31":{"start":{"line":58,"column":12},"end":{"line":68,"column":13}},"32":{"start":{"line":59,"column":16},"end":{"line":59,"column":39}},"33":{"start":{"line":60,"column":19},"end":{"line":68,"column":13}},"34":{"start":{"line":61,"column":16},"end":{"line":61,"column":36}},"35":{"start":{"line":63,"column":17},"end":{"line":68,"column":13}},"36":{"start":{"line":64,"column":16},"end":{"line":64,"column":36}},"37":{"start":{"line":66,"column":17},"end":{"line":68,"column":13}},"38":{"start":{"line":67,"column":16},"end":{"line":67,"column":36}},"39":{"start":{"line":73,"column":30},"end":{"line":75,"column":5}},"40":{"start":{"line":74,"column":8},"end":{"line":74,"column":33}},"41":{"start":{"line":77,"column":30},"end":{"line":79,"column":5}},"42":{"start":{"line":78,"column":8},"end":{"line":78,"column":37}},"43":{"start":{"line":80,"column":32},"end":{"line":82,"column":5}},"44":{"start":{"line":81,"column":8},"end":{"line":81,"column":36}},"45":{"start":{"line":83,"column":29},"end":{"line":85,"column":5}},"46":{"start":{"line":84,"column":8},"end":{"line":84,"column":32}},"47":{"start":{"line":86,"column":30},"end":{"line":88,"column":5}},"48":{"start":{"line":87,"column":8},"end":{"line":87,"column":33}},"49":{"start":{"line":89,"column":4},"end":{"line":211,"column":5}},"50":{"start":{"line":114,"column":55},"end":{"line":114,"column":146}},"51":{"start":{"line":129,"column":55},"end":{"line":129,"column":142}},"52":{"start":{"line":146,"column":55},"end":{"line":146,"column":130}},"53":{"start":{"line":162,"column":55},"end":{"line":162,"column":136}},"54":{"start":{"line":178,"column":55},"end":{"line":178,"column":136}}},"fnMap":{"0":{"name":"(anonymous_0)","decl":{"start":{"line":12,"column":15},"end":{"line":12,"column":16}},"loc":{"start":{"line":12,"column":21},"end":{"line":212,"column":1}},"line":12},"1":{"name":"(anonymous_1)","decl":{"start":{"line":26,"column":24},"end":{"line":26,"column":25}},"loc":{"start":{"line":26,"column":31},"end":{"line":72,"column":5}},"line":26},"2":{"name":"(anonymous_2)","decl":{"start":{"line":34,"column":71},"end":{"line":34,"column":72}},"loc":{"start":{"line":34,"column":80},"end":{"line":42,"column":17}},"line":34},"3":{"name":"(anonymous_3)","decl":{"start":{"line":35,"column":58},"end":{"line":35,"column":59}},"loc":{"start":{"line":35,"column":67},"end":{"line":41,"column":21}},"line":35},"4":{"name":"(anonymous_4)","decl":{"start":{"line":42,"column":25},"end":{"line":42,"column":26}},"loc":{"start":{"line":42,"column":32},"end":{"line":48,"column":17}},"line":42},"5":{"name":"(anonymous_5)","decl":{"start":{"line":73,"column":30},"end":{"line":73,"column":31}},"loc":{"start":{"line":73,"column":37},"end":{"line":75,"column":5}},"line":73},"6":{"name":"(anonymous_6)","decl":{"start":{"line":77,"column":30},"end":{"line":77,"column":31}},"loc":{"start":{"line":77,"column":37},"end":{"line":79,"column":5}},"line":77},"7":{"name":"(anonymous_7)","decl":{"start":{"line":80,"column":32},"end":{"line":80,"column":33}},"loc":{"start":{"line":80,"column":39},"end":{"line":82,"column":5}},"line":80},"8":{"name":"(anonymous_8)","decl":{"start":{"line":83,"column":29},"end":{"line":83,"column":30}},"loc":{"start":{"line":83,"column":36},"end":{"line":85,"column":5}},"line":83},"9":{"name":"(anonymous_9)","decl":{"start":{"line":86,"column":30},"end":{"line":86,"column":31}},"loc":{"start":{"line":86,"column":37},"end":{"line":88,"column":5}},"line":86},"10":{"name":"(anonymous_10)","decl":{"start":{"line":114,"column":48},"end":{"line":114,"column":49}},"loc":{"start":{"line":114,"column":55},"end":{"line":114,"column":146}},"line":114},"11":{"name":"(anonymous_11)","decl":{"start":{"line":129,"column":48},"end":{"line":129,"column":49}},"loc":{"start":{"line":129,"column":55},"end":{"line":129,"column":142}},"line":129},"12":{"name":"(anonymous_12)","decl":{"start":{"line":146,"column":48},"end":{"line":146,"column":49}},"loc":{"start":{"line":146,"column":55},"end":{"line":146,"column":130}},"line":146},"13":{"name":"(anonymous_13)","decl":{"start":{"line":162,"column":48},"end":{"line":162,"column":49}},"loc":{"start":{"line":162,"column":55},"end":{"line":162,"column":136}},"line":162},"14":{"name":"(anonymous_14)","decl":{"start":{"line":178,"column":48},"end":{"line":178,"column":49}},"loc":{"start":{"line":178,"column":55},"end":{"line":178,"column":136}},"line":178}},"branchMap":{"0":{"loc":{"start":{"line":27,"column":8},"end":{"line":69,"column":9}},"type":"if","locations":[{"start":{"line":27,"column":8},"end":{"line":69,"column":9}},{"start":{"line":57,"column":13},"end":{"line":69,"column":9}}],"line":27},"1":{"loc":{"start":{"line":27,"column":13},"end":{"line":27,"column":75}},"type":"binary-expr","locations":[{"start":{"line":27,"column":13},"end":{"line":27,"column":28}},{"start":{"line":27,"column":32},"end":{"line":27,"column":43}},{"start":{"line":27,"column":47},"end":{"line":27,"column":59}},{"start":{"line":27,"column":63},"end":{"line":27,"column":75}}],"line":27},"2":{"loc":{"start":{"line":29,"column":12},"end":{"line":32,"column":13}},"type":"if","locations":[{"start":{"line":29,"column":12},"end":{"line":32,"column":13}},{"start":{},"end":{}}],"line":29},"3":{"loc":{"start":{"line":33,"column":12},"end":{"line":53,"column":13}},"type":"if","locations":[{"start":{"line":33,"column":12},"end":{"line":53,"column":13}},{"start":{"line":49,"column":19},"end":{"line":53,"column":13}}],"line":33},"4":{"loc":{"start":{"line":43,"column":20},"end":{"line":46,"column":21}},"type":"if","locations":[{"start":{"line":43,"column":20},"end":{"line":46,"column":21}},{"start":{},"end":{}}],"line":43},"5":{"loc":{"start":{"line":58,"column":12},"end":{"line":68,"column":13}},"type":"if","locations":[{"start":{"line":58,"column":12},"end":{"line":68,"column":13}},{"start":{"line":60,"column":19},"end":{"line":68,"column":13}}],"line":58},"6":{"loc":{"start":{"line":60,"column":19},"end":{"line":68,"column":13}},"type":"if","locations":[{"start":{"line":60,"column":19},"end":{"line":68,"column":13}},{"start":{"line":63,"column":17},"end":{"line":68,"column":13}}],"line":60},"7":{"loc":{"start":{"line":63,"column":17},"end":{"line":68,"column":13}},"type":"if","locations":[{"start":{"line":63,"column":17},"end":{"line":68,"column":13}},{"start":{"line":66,"column":17},"end":{"line":68,"column":13}}],"line":63},"8":{"loc":{"start":{"line":66,"column":17},"end":{"line":68,"column":13}},"type":"if","locations":[{"start":{"line":66,"column":17},"end":{"line":68,"column":13}},{"start":{},"end":{}}],"line":66},"9":{"loc":{"start":{"line":113,"column":52},"end":{"line":113,"column":94}},"type":"cond-expr","locations":[{"start":{"line":113,"column":69},"end":{"line":113,"column":89}},{"start":{"line":113,"column":92},"end":{"line":113,"column":94}}],"line":113},"10":{"loc":{"start":{"line":114,"column":55},"end":{"line":114,"column":146}},"type":"cond-expr","locations":[{"start":{"line":114,"column":96},"end":{"line":114,"column":119}},{"start":{"line":114,"column":122},"end":{"line":114,"column":146}}],"line":114},"11":{"loc":{"start":{"line":114,"column":55},"end":{"line":114,"column":93}},"type":"binary-expr","locations":[{"start":{"line":114,"column":55},"end":{"line":114,"column":71}},{"start":{"line":114,"column":75},"end":{"line":114,"column":93}}],"line":114},"12":{"loc":{"start":{"line":128,"column":52},"end":{"line":128,"column":91}},"type":"cond-expr","locations":[{"start":{"line":128,"column":68},"end":{"line":128,"column":86}},{"start":{"line":128,"column":89},"end":{"line":128,"column":91}}],"line":128},"13":{"loc":{"start":{"line":129,"column":55},"end":{"line":129,"column":142}},"type":"cond-expr","locations":[{"start":{"line":129,"column":94},"end":{"line":129,"column":116}},{"start":{"line":129,"column":119},"end":{"line":129,"column":142}}],"line":129},"14":{"loc":{"start":{"line":129,"column":55},"end":{"line":129,"column":91}},"type":"binary-expr","locations":[{"start":{"line":129,"column":55},"end":{"line":129,"column":70}},{"start":{"line":129,"column":74},"end":{"line":129,"column":91}}],"line":129},"15":{"loc":{"start":{"line":145,"column":52},"end":{"line":145,"column":85}},"type":"cond-expr","locations":[{"start":{"line":145,"column":65},"end":{"line":145,"column":80}},{"start":{"line":145,"column":83},"end":{"line":145,"column":85}}],"line":145},"16":{"loc":{"start":{"line":146,"column":55},"end":{"line":146,"column":130}},"type":"cond-expr","locations":[{"start":{"line":146,"column":88},"end":{"line":146,"column":107}},{"start":{"line":146,"column":110},"end":{"line":146,"column":130}}],"line":146},"17":{"loc":{"start":{"line":146,"column":55},"end":{"line":146,"column":85}},"type":"binary-expr","locations":[{"start":{"line":146,"column":55},"end":{"line":146,"column":67}},{"start":{"line":146,"column":71},"end":{"line":146,"column":85}}],"line":146},"18":{"loc":{"start":{"line":161,"column":52},"end":{"line":161,"column":88}},"type":"cond-expr","locations":[{"start":{"line":161,"column":65},"end":{"line":161,"column":83}},{"start":{"line":161,"column":86},"end":{"line":161,"column":88}}],"line":161},"19":{"loc":{"start":{"line":162,"column":55},"end":{"line":162,"column":136}},"type":"cond-expr","locations":[{"start":{"line":162,"column":94},"end":{"line":162,"column":113}},{"start":{"line":162,"column":116},"end":{"line":162,"column":136}}],"line":162},"20":{"loc":{"start":{"line":162,"column":55},"end":{"line":162,"column":91}},"type":"binary-expr","locations":[{"start":{"line":162,"column":55},"end":{"line":162,"column":70}},{"start":{"line":162,"column":74},"end":{"line":162,"column":91}}],"line":162},"21":{"loc":{"start":{"line":177,"column":52},"end":{"line":177,"column":88}},"type":"cond-expr","locations":[{"start":{"line":177,"column":65},"end":{"line":177,"column":83}},{"start":{"line":177,"column":86},"end":{"line":177,"column":88}}],"line":177},"22":{"loc":{"start":{"line":178,"column":55},"end":{"line":178,"column":136}},"type":"cond-expr","locations":[{"start":{"line":178,"column":94},"end":{"line":178,"column":113}},{"start":{"line":178,"column":116},"end":{"line":178,"column":136}}],"line":178},"23":{"loc":{"start":{"line":178,"column":55},"end":{"line":178,"column":91}},"type":"binary-expr","locations":[{"start":{"line":178,"column":55},"end":{"line":178,"column":70}},{"start":{"line":178,"column":74},"end":{"line":178,"column":91}}],"line":178}},"s":{"0":0,"1":0,"2":0,"3":0,"4":0,"5":0,"6":0,"7":0,"8":0,"9":0,"10":0,"11":0,"12":0,"13":0,"14":0,"15":0,"16":0,"17":0,"18":0,"19":0,"20":0,"21":0,"22":0,"23":0,"24":0,"25":0,"26":0,"27":0,"28":0,"29":0,"30":0,"31":0,"32":0,"33":0,"34":0,"35":0,"36":0,"37":0,"38":0,"39":0,"40":0,"41":0,"42":0,"43":0,"44":0,"45":0,"46":0,"47":0,"48":0,"49":0,"50":0,"51":0,"52":0,"53":0,"54":0},"f":{"0":0,"1":0,"2":0,"3":0,"4":0,"5":0,"6":0,"7":0,"8":0,"9":0,"10":0,"11":0,"12":0,"13":0,"14":0},"b":{"0":[0,0],"1":[0,0,0,0],"2":[0,0],"3":[0,0],"4":[0,0],"5":[0,0],"6":[0,0],"7":[0,0],"8":[0,0],"9":[0,0],"10":[0,0],"11":[0,0],"12":[0,0],"13":[0,0],"14":[0,0],"15":[0,0],"16":[0,0],"17":[0,0],"18":[0,0],"19":[0,0],"20":[0,0],"21":[0,0],"22":[0,0],"23":[0,0]}}
,"C:\\Users\\wadem\\Documents\\4155-TastyOnABudget\\frontend\\TastyFrontend\\src\\pages\\Survey.jsx": {"path":"C:\\Users\\wadem\\Documents\\4155-TastyOnABudget\\frontend\\TastyFrontend\\src\\pages\\Survey.jsx","statementMap":{"0":{"start":{"line":10,"column":19},"end":{"line":255,"column":1}},"1":{"start":{"line":17,"column":36},"end":{"line":17,"column":54}},"2":{"start":{"line":18,"column":32},"end":{"line":18,"column":50}},"3":{"start":{"line":19,"column":32},"end":{"line":19,"column":50}},"4":{"start":{"line":20,"column":32},"end":{"line":20,"column":50}},"5":{"start":{"line":21,"column":26},"end":{"line":21,"column":44}},"6":{"start":{"line":22,"column":41},"end":{"line":22,"column":59}},"7":{"start":{"line":23,"column":35},"end":{"line":23,"column":53}},"8":{"start":{"line":24,"column":37},"end":{"line":24,"column":55}},"9":{"start":{"line":25,"column":40},"end":{"line":25,"column":58}},"10":{"start":{"line":26,"column":38},"end":{"line":26,"column":56}},"11":{"start":{"line":27,"column":30},"end":{"line":27,"column":48}},"12":{"start":{"line":28,"column":32},"end":{"line":28,"column":50}},"13":{"start":{"line":29,"column":28},"end":{"line":29,"column":46}},"14":{"start":{"line":31,"column":4},"end":{"line":37,"column":10}},"15":{"start":{"line":32,"column":8},"end":{"line":36,"column":9}},"16":{"start":{"line":33,"column":25},"end":{"line":33,"column":74}},"17":{"start":{"line":34,"column":12},"end":{"line":34,"column":26}},"18":{"start":{"line":48,"column":45},"end":{"line":48,"column":66}},"19":{"start":{"line":49,"column":43},"end":{"line":49,"column":64}},"20":{"start":{"line":50,"column":43},"end":{"line":50,"column":64}},"21":{"start":{"line":51,"column":43},"end":{"line":51,"column":64}},"22":{"start":{"line":52,"column":37},"end":{"line":52,"column":58}},"23":{"start":{"line":53,"column":49},"end":{"line":53,"column":70}},"24":{"start":{"line":54,"column":39},"end":{"line":54,"column":60}},"25":{"start":{"line":55,"column":41},"end":{"line":55,"column":62}},"26":{"start":{"line":56,"column":44},"end":{"line":56,"column":65}},"27":{"start":{"line":57,"column":21},"end":{"line":57,"column":34}},"28":{"start":{"line":59,"column":24},"end":{"line":79,"column":5}},"29":{"start":{"line":61,"column":8},"end":{"line":77,"column":9}},"30":{"start":{"line":62,"column":32},"end":{"line":72,"column":13}},"31":{"start":{"line":73,"column":12},"end":{"line":75,"column":14}},"32":{"start":{"line":74,"column":16},"end":{"line":74,"column":34}},"33":{"start":{"line":87,"column":32},"end":{"line":89,"column":5}},"34":{"start":{"line":88,"column":8},"end":{"line":88,"column":32}},"35":{"start":{"line":90,"column":31},"end":{"line":92,"column":5}},"36":{"start":{"line":91,"column":8},"end":{"line":91,"column":34}},"37":{"start":{"line":93,"column":31},"end":{"line":95,"column":5}},"38":{"start":{"line":94,"column":8},"end":{"line":94,"column":34}},"39":{"start":{"line":96,"column":28},"end":{"line":98,"column":5}},"40":{"start":{"line":97,"column":8},"end":{"line":97,"column":31}},"41":{"start":{"line":99,"column":28},"end":{"line":101,"column":5}},"42":{"start":{"line":100,"column":8},"end":{"line":100,"column":38}},"43":{"start":{"line":102,"column":29},"end":{"line":104,"column":5}},"44":{"start":{"line":103,"column":8},"end":{"line":103,"column":35}},"45":{"start":{"line":113,"column":4},"end":{"line":252,"column":5}},"46":{"start":{"line":154,"column":55},"end":{"line":154,"column":148}},"47":{"start":{"line":160,"column":44},"end":{"line":160,"column":70}},"48":{"start":{"line":176,"column":59},"end":{"line":176,"column":138}},"49":{"start":{"line":187,"column":59},"end":{"line":187,"column":138}},"50":{"start":{"line":198,"column":59},"end":{"line":198,"column":126}},"51":{"start":{"line":207,"column":44},"end":{"line":207,"column":74}},"52":{"start":{"line":223,"column":55},"end":{"line":223,"column":168}},"53":{"start":{"line":230,"column":44},"end":{"line":230,"column":70}}},"fnMap":{"0":{"name":"(anonymous_0)","decl":{"start":{"line":10,"column":19},"end":{"line":10,"column":20}},"loc":{"start":{"line":10,"column":25},"end":{"line":255,"column":1}},"line":10},"1":{"name":"(anonymous_1)","decl":{"start":{"line":31,"column":20},"end":{"line":31,"column":21}},"loc":{"start":{"line":31,"column":26},"end":{"line":37,"column":5}},"line":31},"2":{"name":"(anonymous_2)","decl":{"start":{"line":59,"column":24},"end":{"line":59,"column":25}},"loc":{"start":{"line":59,"column":31},"end":{"line":79,"column":5}},"line":59},"3":{"name":"(anonymous_3)","decl":{"start":{"line":73,"column":49},"end":{"line":73,"column":50}},"loc":{"start":{"line":73,"column":58},"end":{"line":75,"column":13}},"line":73},"4":{"name":"(anonymous_4)","decl":{"start":{"line":87,"column":32},"end":{"line":87,"column":33}},"loc":{"start":{"line":87,"column":39},"end":{"line":89,"column":5}},"line":87},"5":{"name":"(anonymous_5)","decl":{"start":{"line":90,"column":31},"end":{"line":90,"column":32}},"loc":{"start":{"line":90,"column":38},"end":{"line":92,"column":5}},"line":90},"6":{"name":"(anonymous_6)","decl":{"start":{"line":93,"column":31},"end":{"line":93,"column":32}},"loc":{"start":{"line":93,"column":38},"end":{"line":95,"column":5}},"line":93},"7":{"name":"(anonymous_7)","decl":{"start":{"line":96,"column":28},"end":{"line":96,"column":29}},"loc":{"start":{"line":96,"column":35},"end":{"line":98,"column":5}},"line":96},"8":{"name":"(anonymous_8)","decl":{"start":{"line":99,"column":28},"end":{"line":99,"column":29}},"loc":{"start":{"line":99,"column":35},"end":{"line":101,"column":5}},"line":99},"9":{"name":"(anonymous_9)","decl":{"start":{"line":102,"column":29},"end":{"line":102,"column":30}},"loc":{"start":{"line":102,"column":36},"end":{"line":104,"column":5}},"line":102},"10":{"name":"(anonymous_10)","decl":{"start":{"line":154,"column":48},"end":{"line":154,"column":49}},"loc":{"start":{"line":154,"column":55},"end":{"line":154,"column":148}},"line":154},"11":{"name":"(anonymous_11)","decl":{"start":{"line":159,"column":50},"end":{"line":159,"column":51}},"loc":{"start":{"line":159,"column":57},"end":{"line":161,"column":41}},"line":159},"12":{"name":"(anonymous_12)","decl":{"start":{"line":176,"column":52},"end":{"line":176,"column":53}},"loc":{"start":{"line":176,"column":59},"end":{"line":176,"column":138}},"line":176},"13":{"name":"(anonymous_13)","decl":{"start":{"line":187,"column":52},"end":{"line":187,"column":53}},"loc":{"start":{"line":187,"column":59},"end":{"line":187,"column":138}},"line":187},"14":{"name":"(anonymous_14)","decl":{"start":{"line":198,"column":52},"end":{"line":198,"column":53}},"loc":{"start":{"line":198,"column":59},"end":{"line":198,"column":126}},"line":198},"15":{"name":"(anonymous_15)","decl":{"start":{"line":205,"column":50},"end":{"line":205,"column":51}},"loc":{"start":{"line":205,"column":57},"end":{"line":208,"column":41}},"line":205},"16":{"name":"(anonymous_16)","decl":{"start":{"line":223,"column":48},"end":{"line":223,"column":49}},"loc":{"start":{"line":223,"column":55},"end":{"line":223,"column":168}},"line":223},"17":{"name":"(anonymous_17)","decl":{"start":{"line":229,"column":50},"end":{"line":229,"column":51}},"loc":{"start":{"line":229,"column":57},"end":{"line":231,"column":41}},"line":229}},"branchMap":{"0":{"loc":{"start":{"line":32,"column":8},"end":{"line":36,"column":9}},"type":"if","locations":[{"start":{"line":32,"column":8},"end":{"line":36,"column":9}},{"start":{},"end":{}}],"line":32},"1":{"loc":{"start":{"line":61,"column":8},"end":{"line":77,"column":9}},"type":"if","locations":[{"start":{"line":61,"column":8},"end":{"line":77,"column":9}},{"start":{},"end":{}}],"line":61},"2":{"loc":{"start":{"line":61,"column":12},"end":{"line":61,"column":182}},"type":"binary-expr","locations":[{"start":{"line":61,"column":12},"end":{"line":61,"column":31}},{"start":{"line":61,"column":35},"end":{"line":61,"column":48}},{"start":{"line":61,"column":52},"end":{"line":61,"column":65}},{"start":{"line":61,"column":69},"end":{"line":61,"column":82}},{"start":{"line":61,"column":86},"end":{"line":61,"column":96}},{"start":{"line":61,"column":100},"end":{"line":61,"column":118}},{"start":{"line":61,"column":122},"end":{"line":61,"column":137}},{"start":{"line":61,"column":141},"end":{"line":61,"column":157}},{"start":{"line":61,"column":161},"end":{"line":61,"column":182}}],"line":61},"3":{"loc":{"start":{"line":153,"column":52},"end":{"line":153,"column":104}},"type":"cond-expr","locations":[{"start":{"line":153,"column":68},"end":{"line":153,"column":99}},{"start":{"line":153,"column":102},"end":{"line":153,"column":104}}],"line":153},"4":{"loc":{"start":{"line":154,"column":55},"end":{"line":154,"column":148}},"type":"cond-expr","locations":[{"start":{"line":154,"column":102},"end":{"line":154,"column":123}},{"start":{"line":154,"column":126},"end":{"line":154,"column":148}}],"line":154},"5":{"loc":{"start":{"line":154,"column":55},"end":{"line":154,"column":99}},"type":"binary-expr","locations":[{"start":{"line":154,"column":55},"end":{"line":154,"column":74}},{"start":{"line":154,"column":78},"end":{"line":154,"column":99}}],"line":154},"6":{"loc":{"start":{"line":175,"column":56},"end":{"line":175,"column":102}},"type":"cond-expr","locations":[{"start":{"line":175,"column":71},"end":{"line":175,"column":97}},{"start":{"line":175,"column":100},"end":{"line":175,"column":102}}],"line":175},"7":{"loc":{"start":{"line":176,"column":59},"end":{"line":176,"column":138}},"type":"cond-expr","locations":[{"start":{"line":176,"column":94},"end":{"line":176,"column":114}},{"start":{"line":176,"column":117},"end":{"line":176,"column":138}}],"line":176},"8":{"loc":{"start":{"line":176,"column":59},"end":{"line":176,"column":91}},"type":"binary-expr","locations":[{"start":{"line":176,"column":59},"end":{"line":176,"column":72}},{"start":{"line":176,"column":76},"end":{"line":176,"column":91}}],"line":176},"9":{"loc":{"start":{"line":186,"column":56},"end":{"line":186,"column":102}},"type":"cond-expr","locations":[{"start":{"line":186,"column":71},"end":{"line":186,"column":97}},{"start":{"line":186,"column":100},"end":{"line":186,"column":102}}],"line":186},"10":{"loc":{"start":{"line":187,"column":59},"end":{"line":187,"column":138}},"type":"cond-expr","locations":[{"start":{"line":187,"column":94},"end":{"line":187,"column":114}},{"start":{"line":187,"column":117},"end":{"line":187,"column":138}}],"line":187},"11":{"loc":{"start":{"line":187,"column":59},"end":{"line":187,"column":91}},"type":"binary-expr","locations":[{"start":{"line":187,"column":59},"end":{"line":187,"column":72}},{"start":{"line":187,"column":76},"end":{"line":187,"column":91}}],"line":187},"12":{"loc":{"start":{"line":197,"column":56},"end":{"line":197,"column":89}},"type":"cond-expr","locations":[{"start":{"line":197,"column":68},"end":{"line":197,"column":84}},{"start":{"line":197,"column":87},"end":{"line":197,"column":89}}],"line":197},"13":{"loc":{"start":{"line":198,"column":59},"end":{"line":198,"column":126}},"type":"cond-expr","locations":[{"start":{"line":198,"column":88},"end":{"line":198,"column":105}},{"start":{"line":198,"column":108},"end":{"line":198,"column":126}}],"line":198},"14":{"loc":{"start":{"line":198,"column":59},"end":{"line":198,"column":85}},"type":"binary-expr","locations":[{"start":{"line":198,"column":59},"end":{"line":198,"column":69}},{"start":{"line":198,"column":73},"end":{"line":198,"column":85}}],"line":198},"15":{"loc":{"start":{"line":222,"column":52},"end":{"line":222,"column":91}},"type":"cond-expr","locations":[{"start":{"line":222,"column":65},"end":{"line":222,"column":86}},{"start":{"line":222,"column":89},"end":{"line":222,"column":91}}],"line":222},"16":{"loc":{"start":{"line":223,"column":55},"end":{"line":223,"column":168}},"type":"cond-expr","locations":[{"start":{"line":223,"column":128},"end":{"line":223,"column":146}},{"start":{"line":223,"column":149},"end":{"line":223,"column":168}}],"line":223},"17":{"loc":{"start":{"line":223,"column":55},"end":{"line":223,"column":125}},"type":"binary-expr","locations":[{"start":{"line":223,"column":55},"end":{"line":223,"column":70}},{"start":{"line":223,"column":74},"end":{"line":223,"column":91}},{"start":{"line":223,"column":96},"end":{"line":223,"column":108}},{"start":{"line":223,"column":112},"end":{"line":223,"column":124}}],"line":223}},"s":{"0":0,"1":0,"2":0,"3":0,"4":0,"5":0,"6":0,"7":0,"8":0,"9":0,"10":0,"11":0,"12":0,"13":0,"14":0,"15":0,"16":0,"17":0,"18":0,"19":0,"20":0,"21":0,"22":0,"23":0,"24":0,"25":0,"26":0,"27":0,"28":0,"29":0,"30":0,"31":0,"32":0,"33":0,"34":0,"35":0,"36":0,"37":0,"38":0,"39":0,"40":0,"41":0,"42":0,"43":0,"44":0,"45":0,"46":0,"47":0,"48":0,"49":0,"50":0,"51":0,"52":0,"53":0},"f":{"0":0,"1":0,"2":0,"3":0,"4":0,"5":0,"6":0,"7":0,"8":0,"9":0,"10":0,"11":0,"12":0,"13":0,"14":0,"15":0,"16":0,"17":0},"b":{"0":[0,0],"1":[0,0],"2":[0,0,0,0,0,0,0,0,0],"3":[0,0],"4":[0,0],"5":[0,0],"6":[0,0],"7":[0,0],"8":[0,0],"9":[0,0],"10":[0,0],"11":[0,0],"12":[0,0],"13":[0,0],"14":[0,0],"15":[0,0],"16":[0,0],"17":[0,0,0,0]}}
,"C:\\Users\\wadem\\Documents\\4155-TastyOnABudget\\frontend\\TastyFrontend\\src\\pages\\TermsOfUse.jsx": {"path":"C:\\Users\\wadem\\Documents\\4155-TastyOnABudget\\frontend\\TastyFrontend\\src\\pages\\TermsOfUse.jsx","statementMap":{"0":{"start":{"line":8,"column":4},"end":{"line":89,"column":5}}},"fnMap":{"0":{"name":"Terms","decl":{"start":{"line":7,"column":24},"end":{"line":7,"column":29}},"loc":{"start":{"line":7,"column":32},"end":{"line":90,"column":1}},"line":7}},"branchMap":{},"s":{"0":0},"f":{"0":0},"b":{}}
,"C:\\Users\\wadem\\Documents\\4155-TastyOnABudget\\frontend\\TastyFrontend\\src\\pages\\pythontest.jsx": {"path":"C:\\Users\\wadem\\Documents\\4155-TastyOnABudget\\frontend\\TastyFrontend\\src\\pages\\pythontest.jsx","statementMap":{"0":{"start":{"line":9,"column":42},"end":{"line":9,"column":61}},"1":{"start":{"line":11,"column":4},"end":{"line":24,"column":11}},"2":{"start":{"line":12,"column":8},"end":{"line":23,"column":11}},"3":{"start":{"line":13,"column":12},"end":{"line":21,"column":13}},"4":{"start":{"line":15,"column":35},"end":{"line":15,"column":66}},"5":{"start":{"line":16,"column":16},"end":{"line":16,"column":43}},"6":{"start":{"line":18,"column":16},"end":{"line":18,"column":60}},"7":{"start":{"line":19,"column":16},"end":{"line":19,"column":53}},"8":{"start":{"line":27,"column":4},"end":{"line":35,"column":5}}},"fnMap":{"0":{"name":"PythonTest","decl":{"start":{"line":7,"column":9},"end":{"line":7,"column":19}},"loc":{"start":{"line":7,"column":22},"end":{"line":36,"column":1}},"line":7},"1":{"name":"(anonymous_1)","decl":{"start":{"line":11,"column":20},"end":{"line":11,"column":21}},"loc":{"start":{"line":11,"column":26},"end":{"line":24,"column":5}},"line":11},"2":{"name":"(anonymous_2)","decl":{"start":{"line":12,"column":35},"end":{"line":12,"column":36}},"loc":{"start":{"line":12,"column":44},"end":{"line":23,"column":9}},"line":12}},"branchMap":{},"s":{"0":0,"1":0,"2":0,"3":0,"4":0,"5":0,"6":0,"7":0,"8":0},"f":{"0":0,"1":0,"2":0},"b":{}}
}
