TN:
SF:src\App.jsx
FN:19,App
FNF:1
FNH:0
FNDA:0,App
DA:20,0
LF:1
LH:0
BRF:0
BRH:0
end_of_record
TN:
SF:src\RestAPI.js
FN:9,(anonymous_0)
FN:14,(anonymous_1)
FN:26,(anonymous_2)
FN:37,(anonymous_3)
FN:46,(anonymous_4)
FN:56,(anonymous_5)
FN:66,(anonymous_6)
FN:76,(anonymous_7)
FN:86,(anonymous_8)
FN:96,(anonymous_9)
FN:106,(anonymous_10)
FN:118,(anonymous_11)
FN:129,(anonymous_12)
FN:140,(anonymous_13)
FN:148,(anonymous_14)
FNF:15
FNH:0
FNDA:0,(anonymous_0)
FNDA:0,(anonymous_1)
FNDA:0,(anonymous_2)
FNDA:0,(anonymous_3)
FNDA:0,(anonymous_4)
FNDA:0,(anonymous_5)
FNDA:0,(anonymous_6)
FNDA:0,(anonymous_7)
FNDA:0,(anonymous_8)
FNDA:0,(anonymous_9)
FNDA:0,(anonymous_10)
FNDA:0,(anonymous_11)
FNDA:0,(anonymous_12)
FNDA:0,(anonymous_13)
FNDA:0,(anonymous_14)
DA:4,0
DA:10,0
DA:11,0
DA:12,0
DA:15,0
DA:16,0
DA:17,0
DA:18,0
DA:24,0
DA:27,0
DA:28,0
DA:29,0
DA:30,0
DA:38,0
DA:39,0
DA:40,0
DA:47,0
DA:48,0
DA:49,0
DA:57,0
DA:58,0
DA:59,0
DA:67,0
DA:68,0
DA:69,0
DA:77,0
DA:78,0
DA:79,0
DA:87,0
DA:88,0
DA:89,0
DA:97,0
DA:98,0
DA:99,0
DA:107,0
DA:108,0
DA:109,0
DA:111,0
DA:119,0
DA:120,0
DA:121,0
DA:122,0
DA:130,0
DA:131,0
DA:132,0
DA:134,0
DA:141,0
DA:142,0
DA:143,0
DA:148,0
LF:50
LH:0
BRF:0
BRH:0
end_of_record
TN:
SF:src\index.js
FNF:0
FNH:0
DA:7,0
DA:8,0
DA:17,0
LF:3
LH:0
BRF:0
BRH:0
end_of_record
TN:
SF:src\reportWebVitals.js
FN:1,(anonymous_0)
FN:3,(anonymous_1)
FNF:2
FNH:0
FNDA:0,(anonymous_0)
FNDA:0,(anonymous_1)
DA:1,0
DA:2,0
DA:3,0
DA:4,0
DA:5,0
DA:6,0
DA:7,0
DA:8,0
LF:8
LH:0
BRDA:2,0,0,0
BRDA:2,0,1,0
BRDA:2,1,0,0
BRDA:2,1,1,0
BRF:4
BRH:0
end_of_record
TN:
SF:src\components\Footer.jsx
FN:11,Footer
FNF:1
FNH:0
FNDA:0,Footer
DA:12,0
LF:1
LH:0
BRF:0
BRH:0
end_of_record
TN:
SF:src\components\NavBar.jsx
FN:9,NavBar
FN:14,(anonymous_1)
FN:21,(anonymous_2)
FN:43,(anonymous_3)
FNF:4
FNH:0
FNDA:0,NavBar
FNDA:0,(anonymous_1)
FNDA:0,(anonymous_2)
FNDA:0,(anonymous_3)
DA:11,0
DA:12,0
DA:14,0
DA:15,0
DA:16,0
DA:21,0
DA:22,0
DA:24,0
DA:25,0
DA:43,0
DA:53,0
LF:11
LH:0
BRDA:15,0,0,0
BRDA:15,0,1,0
BRDA:24,1,0,0
BRDA:24,1,1,0
BRDA:27,2,0,0
BRDA:27,2,1,0
BRDA:55,3,0,0
BRDA:55,3,1,0
BRF:8
BRH:0
end_of_record
TN:
SF:src\components\RecipeCard.jsx
FN:13,(anonymous_0)
FN:18,(anonymous_1)
FN:22,(anonymous_2)
FN:33,(anonymous_3)
FN:49,(anonymous_4)
FN:54,(anonymous_5)
FN:62,(anonymous_6)
FN:75,(anonymous_7)
FNF:8
FNH:0
FNDA:0,(anonymous_0)
FNDA:0,(anonymous_1)
FNDA:0,(anonymous_2)
FNDA:0,(anonymous_3)
FNDA:0,(anonymous_4)
FNDA:0,(anonymous_5)
FNDA:0,(anonymous_6)
FNDA:0,(anonymous_7)
DA:13,0
DA:14,0
DA:15,0
DA:16,0
DA:18,0
DA:19,0
DA:20,0
DA:22,0
DA:23,0
DA:24,0
DA:26,0
DA:27,0
DA:33,0
DA:34,0
DA:35,0
DA:37,0
DA:38,0
DA:41,0
DA:49,0
DA:54,0
DA:63,0
DA:64,0
DA:65,0
DA:67,0
DA:76,0
DA:77,0
DA:78,0
DA:80,0
LF:28
LH:0
BRDA:19,0,0,0
BRDA:19,0,1,0
BRDA:20,1,0,0
BRDA:20,1,1,0
BRDA:23,2,0,0
BRDA:23,2,1,0
BRDA:34,3,0,0
BRDA:34,3,1,0
BRDA:64,4,0,0
BRDA:64,4,1,0
BRDA:70,5,0,0
BRDA:70,5,1,0
BRDA:77,6,0,0
BRDA:77,6,1,0
BRDA:82,7,0,0
BRDA:82,7,1,0
BRF:16
BRH:0
end_of_record
TN:
SF:src\pages\About.jsx
FN:11,About
FNF:1
FNH:0
FNDA:0,About
DA:12,0
LF:1
LH:0
BRF:0
BRH:0
end_of_record
TN:
SF:src\pages\Contact.jsx
FN:6,Contact
FNF:1
FNH:0
FNDA:0,Contact
DA:7,0
LF:1
LH:0
BRF:0
BRH:0
end_of_record
TN:
SF:src\pages\Home.jsx
FN:17,Home
FN:23,unicodeToChar
FN:25,(anonymous_2)
FN:29,(anonymous_3)
FN:30,(anonymous_4)
FN:32,(anonymous_5)
FN:33,(anonymous_6)
FN:52,(anonymous_7)
FN:57,(anonymous_8)
FN:60,(anonymous_9)
FN:61,(anonymous_10)
FN:87,(anonymous_11)
FN:89,(anonymous_12)
FN:95,(anonymous_13)
FN:131,(anonymous_14)
FN:156,(anonymous_15)
FN:259,(anonymous_16)
FN:261,(anonymous_17)
FN:267,(anonymous_18)
FN:325,(anonymous_19)
FNF:20
FNH:0
FNDA:0,Home
FNDA:0,unicodeToChar
FNDA:0,(anonymous_2)
FNDA:0,(anonymous_3)
FNDA:0,(anonymous_4)
FNDA:0,(anonymous_5)
FNDA:0,(anonymous_6)
FNDA:0,(anonymous_7)
FNDA:0,(anonymous_8)
FNDA:0,(anonymous_9)
FNDA:0,(anonymous_10)
FNDA:0,(anonymous_11)
FNDA:0,(anonymous_12)
FNDA:0,(anonymous_13)
FNDA:0,(anonymous_14)
FNDA:0,(anonymous_15)
FNDA:0,(anonymous_16)
FNDA:0,(anonymous_17)
FNDA:0,(anonymous_18)
FNDA:0,(anonymous_19)
DA:18,0
DA:19,0
DA:20,0
DA:21,0
DA:24,0
DA:26,0
DA:29,0
DA:30,0
DA:31,0
DA:32,0
DA:33,0
DA:52,0
DA:53,0
DA:54,0
DA:55,0
DA:57,0
DA:58,0
DA:59,0
DA:60,0
DA:61,0
DA:78,0
DA:79,0
DA:80,0
DA:88,0
DA:90,0
DA:94,0
DA:96,0
DA:132,0
DA:157,0
DA:252,0
DA:260,0
DA:262,0
DA:266,0
DA:268,0
DA:326,0
LF:35
LH:0
BRDA:39,0,0,0
BRDA:39,0,1,0
BRDA:40,1,0,0
BRDA:40,1,1,0
BRDA:53,2,0,0
BRDA:53,2,1,0
BRDA:67,3,0,0
BRDA:67,3,1,0
BRDA:68,4,0,0
BRDA:68,4,1,0
BRDA:79,5,0,0
BRDA:79,5,1,0
BRDA:143,6,0,0
BRDA:143,6,1,0
BRF:14
BRH:0
end_of_record
TN:
SF:src\pages\LikedRecipes.jsx
FN:11,(anonymous_0)
FN:16,unicodeToChar
FN:18,(anonymous_2)
FN:22,(anonymous_3)
FN:25,(anonymous_4)
FN:27,(anonymous_5)
FN:28,(anonymous_6)
FN:55,(anonymous_7)
FNF:8
FNH:0
FNDA:0,(anonymous_0)
FNDA:0,unicodeToChar
FNDA:0,(anonymous_2)
FNDA:0,(anonymous_3)
FNDA:0,(anonymous_4)
FNDA:0,(anonymous_5)
FNDA:0,(anonymous_6)
FNDA:0,(anonymous_7)
DA:11,0
DA:13,0
DA:15,0
DA:17,0
DA:19,0
DA:22,0
DA:23,0
DA:24,0
DA:25,0
DA:26,0
DA:27,0
DA:28,0
DA:46,0
DA:56,0
LF:14
LH:0
BRDA:23,0,0,0
BRDA:23,0,1,0
BRDA:34,1,0,0
BRDA:34,1,1,0
BRDA:35,2,0,0
BRDA:35,2,1,0
BRDA:54,3,0,0
BRDA:54,3,1,0
BRF:8
BRH:0
end_of_record
TN:
SF:src\pages\Login.jsx
FN:10,(anonymous_0)
FN:16,(anonymous_1)
FN:19,(anonymous_2)
FN:25,(anonymous_3)
FN:40,(anonymous_4)
FN:43,(anonymous_5)
FN:68,(anonymous_6)
FN:84,(anonymous_7)
FNF:8
FNH:0
FNDA:0,(anonymous_0)
FNDA:0,(anonymous_1)
FNDA:0,(anonymous_2)
FNDA:0,(anonymous_3)
FNDA:0,(anonymous_4)
FNDA:0,(anonymous_5)
FNDA:0,(anonymous_6)
FNDA:0,(anonymous_7)
DA:10,0
DA:12,0
DA:13,0
DA:14,0
DA:15,0
DA:16,0
DA:18,0
DA:19,0
DA:20,0
DA:21,0
DA:22,0
DA:23,0
DA:24,0
DA:26,0
DA:27,0
DA:28,0
DA:33,0
DA:34,0
DA:37,0
DA:38,0
DA:40,0
DA:41,0
DA:43,0
DA:44,0
DA:46,0
DA:68,0
DA:84,0
LF:27
LH:0
BRDA:18,0,0,0
BRDA:18,0,1,0
BRDA:18,1,0,0
BRDA:18,1,1,0
BRDA:67,2,0,0
BRDA:67,2,1,0
BRDA:68,3,0,0
BRDA:68,3,1,0
BRDA:68,4,0,0
BRDA:68,4,1,0
BRDA:83,5,0,0
BRDA:83,5,1,0
BRDA:84,6,0,0
BRDA:84,6,1,0
BRDA:84,7,0,0
BRDA:84,7,1,0
BRF:16
BRH:0
end_of_record
TN:
SF:src\pages\NotFound.jsx
FN:4,NotFound
FNF:1
FNH:0
FNDA:0,NotFound
DA:5,0
LF:1
LH:0
BRF:0
BRH:0
end_of_record
TN:
SF:src\pages\PrivacyPolicy.jsx
FN:7,PrivacyPolicy
FNF:1
FNH:0
FNDA:0,PrivacyPolicy
DA:8,0
LF:1
LH:0
BRF:0
BRH:0
end_of_record
TN:
SF:src\pages\Recipe.jsx
FN:9,(anonymous_0)
FN:14,unicodeToChar
FN:16,(anonymous_2)
FN:21,splitText
FN:25,(anonymous_4)
FN:31,(anonymous_5)
FN:79,(anonymous_6)
FN:92,(anonymous_7)
FN:103,(anonymous_8)
FNF:9
FNH:0
FNDA:0,(anonymous_0)
FNDA:0,unicodeToChar
FNDA:0,(anonymous_2)
FNDA:0,splitText
FNDA:0,(anonymous_4)
FNDA:0,(anonymous_5)
FNDA:0,(anonymous_6)
FNDA:0,(anonymous_7)
FNDA:0,(anonymous_8)
DA:9,0
DA:10,0
DA:11,0
DA:12,0
DA:15,0
DA:17,0
DA:22,0
DA:25,0
DA:26,0
DA:27,0
DA:30,0
DA:31,0
DA:33,0
DA:44,0
DA:49,0
DA:80,0
DA:81,0
DA:93,0
DA:104,0
DA:105,0
DA:107,0
LF:21
LH:0
BRDA:26,0,0,0
BRDA:26,0,1,0
BRDA:38,1,0,0
BRDA:38,1,1,0
BRDA:63,2,0,0
BRDA:63,2,1,0
BRDA:78,3,0,0
BRDA:78,3,1,0
BRDA:80,4,0,0
BRDA:80,4,1,0
BRDA:91,5,0,0
BRDA:91,5,1,0
BRDA:102,6,0,0
BRDA:102,6,1,0
BRDA:104,7,0,0
BRDA:104,7,1,0
BRF:16
BRH:0
end_of_record
TN:
SF:src\pages\Recipes.jsx
FN:9,(anonymous_0)
FN:16,unicodeToChar
FN:18,(anonymous_2)
FN:22,(anonymous_3)
FN:28,(anonymous_4)
FN:31,(anonymous_5)
FN:32,(anonymous_6)
FN:33,(anonymous_7)
FN:46,(anonymous_8)
FN:50,(anonymous_9)
FN:52,(anonymous_10)
FN:54,(anonymous_11)
FN:67,(anonymous_12)
FN:84,(anonymous_13)
FN:90,(anonymous_14)
FN:99,(anonymous_15)
FN:112,(anonymous_16)
FNF:17
FNH:0
FNDA:0,(anonymous_0)
FNDA:0,unicodeToChar
FNDA:0,(anonymous_2)
FNDA:0,(anonymous_3)
FNDA:0,(anonymous_4)
FNDA:0,(anonymous_5)
FNDA:0,(anonymous_6)
FNDA:0,(anonymous_7)
FNDA:0,(anonymous_8)
FNDA:0,(anonymous_9)
FNDA:0,(anonymous_10)
FNDA:0,(anonymous_11)
FNDA:0,(anonymous_12)
FNDA:0,(anonymous_13)
FNDA:0,(anonymous_14)
FNDA:0,(anonymous_15)
FNDA:0,(anonymous_16)
DA:9,0
DA:10,0
DA:11,0
DA:12,0
DA:13,0
DA:14,0
DA:17,0
DA:19,0
DA:22,0
DA:23,0
DA:24,0
DA:28,0
DA:29,0
DA:30,0
DA:31,0
DA:32,0
DA:33,0
DA:47,0
DA:49,0
DA:50,0
DA:52,0
DA:54,0
DA:68,0
DA:73,0
DA:85,0
DA:91,0
DA:99,0
DA:113,0
LF:28
LH:0
BRDA:23,0,0,0
BRDA:23,0,1,0
BRDA:30,1,0,0
BRDA:30,1,1,0
BRDA:39,2,0,0
BRDA:39,2,1,0
BRDA:40,3,0,0
BRDA:40,3,1,0
BRDA:49,4,0,0
BRDA:49,4,1,0
BRDA:60,5,0,0
BRDA:60,5,1,0
BRDA:61,6,0,0
BRDA:61,6,1,0
BRDA:111,7,0,0
BRDA:111,7,1,0
BRF:16
BRH:0
end_of_record
TN:
SF:src\pages\SignUp.jsx
FN:12,(anonymous_0)
FN:26,(anonymous_1)
FN:34,(anonymous_2)
FN:35,(anonymous_3)
FN:42,(anonymous_4)
FN:73,(anonymous_5)
FN:77,(anonymous_6)
FN:80,(anonymous_7)
FN:83,(anonymous_8)
FN:86,(anonymous_9)
FN:114,(anonymous_10)
FN:129,(anonymous_11)
FN:146,(anonymous_12)
FN:162,(anonymous_13)
FN:178,(anonymous_14)
FNF:15
FNH:0
FNDA:0,(anonymous_0)
FNDA:0,(anonymous_1)
FNDA:0,(anonymous_2)
FNDA:0,(anonymous_3)
FNDA:0,(anonymous_4)
FNDA:0,(anonymous_5)
FNDA:0,(anonymous_6)
FNDA:0,(anonymous_7)
FNDA:0,(anonymous_8)
FNDA:0,(anonymous_9)
FNDA:0,(anonymous_10)
FNDA:0,(anonymous_11)
FNDA:0,(anonymous_12)
FNDA:0,(anonymous_13)
FNDA:0,(anonymous_14)
DA:12,0
DA:13,0
DA:14,0
DA:15,0
DA:16,0
DA:17,0
DA:18,0
DA:19,0
DA:20,0
DA:21,0
DA:22,0
DA:26,0
DA:27,0
DA:28,0
DA:29,0
DA:30,0
DA:31,0
DA:33,0
DA:34,0
DA:35,0
DA:36,0
DA:37,0
DA:38,0
DA:39,0
DA:40,0
DA:43,0
DA:44,0
DA:45,0
DA:50,0
DA:51,0
DA:52,0
DA:58,0
DA:59,0
DA:60,0
DA:61,0
DA:63,0
DA:64,0
DA:66,0
DA:67,0
DA:73,0
DA:74,0
DA:77,0
DA:78,0
DA:80,0
DA:81,0
DA:83,0
DA:84,0
DA:86,0
DA:87,0
DA:89,0
DA:114,0
DA:129,0
DA:146,0
DA:162,0
DA:178,0
LF:55
LH:0
BRDA:27,0,0,0
BRDA:27,0,1,0
BRDA:27,1,0,0
BRDA:27,1,1,0
BRDA:27,1,2,0
BRDA:27,1,3,0
BRDA:29,2,0,0
BRDA:29,2,1,0
BRDA:33,3,0,0
BRDA:33,3,1,0
BRDA:43,4,0,0
BRDA:43,4,1,0
BRDA:58,5,0,0
BRDA:58,5,1,0
BRDA:60,6,0,0
BRDA:60,6,1,0
BRDA:63,7,0,0
BRDA:63,7,1,0
BRDA:66,8,0,0
BRDA:66,8,1,0
BRDA:113,9,0,0
BRDA:113,9,1,0
BRDA:114,10,0,0
BRDA:114,10,1,0
BRDA:114,11,0,0
BRDA:114,11,1,0
BRDA:128,12,0,0
BRDA:128,12,1,0
BRDA:129,13,0,0
BRDA:129,13,1,0
BRDA:129,14,0,0
BRDA:129,14,1,0
BRDA:145,15,0,0
BRDA:145,15,1,0
BRDA:146,16,0,0
BRDA:146,16,1,0
BRDA:146,17,0,0
BRDA:146,17,1,0
BRDA:161,18,0,0
BRDA:161,18,1,0
BRDA:162,19,0,0
BRDA:162,19,1,0
BRDA:162,20,0,0
BRDA:162,20,1,0
BRDA:177,21,0,0
BRDA:177,21,1,0
BRDA:178,22,0,0
BRDA:178,22,1,0
BRDA:178,23,0,0
BRDA:178,23,1,0
BRF:50
BRH:0
end_of_record
TN:
SF:src\pages\Survey.jsx
FN:10,(anonymous_0)
FN:31,(anonymous_1)
FN:59,(anonymous_2)
FN:73,(anonymous_3)
FN:87,(anonymous_4)
FN:90,(anonymous_5)
FN:93,(anonymous_6)
FN:96,(anonymous_7)
FN:99,(anonymous_8)
FN:102,(anonymous_9)
FN:154,(anonymous_10)
FN:159,(anonymous_11)
FN:176,(anonymous_12)
FN:187,(anonymous_13)
FN:198,(anonymous_14)
FN:205,(anonymous_15)
FN:223,(anonymous_16)
FN:229,(anonymous_17)
FNF:18
FNH:0
FNDA:0,(anonymous_0)
FNDA:0,(anonymous_1)
FNDA:0,(anonymous_2)
FNDA:0,(anonymous_3)
FNDA:0,(anonymous_4)
FNDA:0,(anonymous_5)
FNDA:0,(anonymous_6)
FNDA:0,(anonymous_7)
FNDA:0,(anonymous_8)
FNDA:0,(anonymous_9)
FNDA:0,(anonymous_10)
FNDA:0,(anonymous_11)
FNDA:0,(anonymous_12)
FNDA:0,(anonymous_13)
FNDA:0,(anonymous_14)
FNDA:0,(anonymous_15)
FNDA:0,(anonymous_16)
FNDA:0,(anonymous_17)
DA:10,0
DA:17,0
DA:18,0
DA:19,0
DA:20,0
DA:21,0
DA:22,0
DA:23,0
DA:24,0
DA:25,0
DA:26,0
DA:27,0
DA:28,0
DA:29,0
DA:31,0
DA:32,0
DA:33,0
DA:34,0
DA:48,0
DA:49,0
DA:50,0
DA:51,0
DA:52,0
DA:53,0
DA:54,0
DA:55,0
DA:56,0
DA:57,0
DA:59,0
DA:61,0
DA:62,0
DA:73,0
DA:74,0
DA:87,0
DA:88,0
DA:90,0
DA:91,0
DA:93,0
DA:94,0
DA:96,0
DA:97,0
DA:99,0
DA:100,0
DA:102,0
DA:103,0
DA:113,0
DA:154,0
DA:160,0
DA:176,0
DA:187,0
DA:198,0
DA:207,0
DA:223,0
DA:230,0
LF:54
LH:0
BRDA:32,0,0,0
BRDA:32,0,1,0
BRDA:61,1,0,0
BRDA:61,1,1,0
BRDA:61,2,0,0
BRDA:61,2,1,0
BRDA:61,2,2,0
BRDA:61,2,3,0
BRDA:61,2,4,0
BRDA:61,2,5,0
BRDA:61,2,6,0
BRDA:61,2,7,0
BRDA:61,2,8,0
BRDA:153,3,0,0
BRDA:153,3,1,0
BRDA:154,4,0,0
BRDA:154,4,1,0
BRDA:154,5,0,0
BRDA:154,5,1,0
BRDA:175,6,0,0
BRDA:175,6,1,0
BRDA:176,7,0,0
BRDA:176,7,1,0
BRDA:176,8,0,0
BRDA:176,8,1,0
BRDA:186,9,0,0
BRDA:186,9,1,0
BRDA:187,10,0,0
BRDA:187,10,1,0
BRDA:187,11,0,0
BRDA:187,11,1,0
BRDA:197,12,0,0
BRDA:197,12,1,0
BRDA:198,13,0,0
BRDA:198,13,1,0
BRDA:198,14,0,0
BRDA:198,14,1,0
BRDA:222,15,0,0
BRDA:222,15,1,0
BRDA:223,16,0,0
BRDA:223,16,1,0
BRDA:223,17,0,0
BRDA:223,17,1,0
BRDA:223,17,2,0
BRDA:223,17,3,0
BRF:45
BRH:0
end_of_record
TN:
SF:src\pages\TermsOfUse.jsx
FN:7,Terms
FNF:1
FNH:0
FNDA:0,Terms
DA:8,0
LF:1
LH:0
BRF:0
BRH:0
end_of_record
TN:
SF:src\pages\pythontest.jsx
FN:7,PythonTest
FN:11,(anonymous_1)
FN:12,(anonymous_2)
FNF:3
FNH:0
FNDA:0,PythonTest
FNDA:0,(anonymous_1)
FNDA:0,(anonymous_2)
DA:9,0
DA:11,0
DA:12,0
DA:13,0
DA:15,0
DA:16,0
DA:18,0
DA:19,0
DA:27,0
LF:9
LH:0
BRF:0
BRH:0
end_of_record
